2025-05-06 22:27:29.346 | INFO  | thread=background-preinit | method=<clinit> | traceId= | userId= | serviceName= | appName= | o.h.validator.internal.util.Version - HV000001: Hibernate Validator 8.0.1.Final
2025-05-06 22:27:29.392 | INFO  | thread=restartedMain | method=logStarting | traceId= | userId= | serviceName= | appName= | c.f.f.FlypayportalApplication - Starting FlypayportalApplication using Java 24 with PID 23548 (/Users/vin.uppinkudru/flypayportal/target/classes started by vin.uppinkudru in /Users/vin.uppinkudru/flypayportal)
2025-05-06 22:27:29.394 | INFO  | thread=restartedMain | method=logStartupProfileInfo | traceId= | userId= | serviceName= | appName= | c.f.f.FlypayportalApplication - The following 1 profile is active: "dev"
2025-05-06 22:27:29.475 | INFO  | thread=restartedMain | method=logTo | traceId= | userId= | serviceName= | appName= | o.s.b.d.e.DevToolsPropertyDefaultsPostProcessor - Devtools property defaults active! Set 'spring.devtools.add-properties' to 'false' to disable
2025-05-06 22:27:29.475 | INFO  | thread=restartedMain | method=logTo | traceId= | userId= | serviceName= | appName= | o.s.b.d.e.DevToolsPropertyDefaultsPostProcessor - For additional web related logging consider setting the 'logging.level.web' property to 'DEBUG'
2025-05-06 22:27:30.751 | INFO  | thread=restartedMain | method=registerRepositoriesIn | traceId= | userId= | serviceName= | appName= | o.s.d.r.c.RepositoryConfigurationDelegate - Bootstrapping Spring Data JPA repositories in DEFAULT mode.
2025-05-06 22:27:30.868 | INFO  | thread=restartedMain | method=registerRepositoriesIn | traceId= | userId= | serviceName= | appName= | o.s.d.r.c.RepositoryConfigurationDelegate - Finished Spring Data repository scanning in 99 ms. Found 2 JPA repository interfaces.
2025-05-06 22:27:31.709 | INFO  | thread=restartedMain | method=initialize | traceId= | userId= | serviceName= | appName= | o.s.b.w.e.tomcat.TomcatWebServer - Tomcat initialized with port 8080 (http)
2025-05-06 22:27:31.731 | INFO  | thread=restartedMain | method=log | traceId= | userId= | serviceName= | appName= | o.a.coyote.http11.Http11NioProtocol - Initializing ProtocolHandler ["http-nio-8080"]
2025-05-06 22:27:31.738 | INFO  | thread=restartedMain | method=log | traceId= | userId= | serviceName= | appName= | o.a.catalina.core.StandardService - Starting service [Tomcat]
2025-05-06 22:27:31.739 | INFO  | thread=restartedMain | method=log | traceId= | userId= | serviceName= | appName= | o.a.catalina.core.StandardEngine - Starting Servlet engine: [Apache Tomcat/10.1.31]
2025-05-06 22:27:31.811 | INFO  | thread=restartedMain | method=log | traceId= | userId= | serviceName= | appName= | o.a.c.c.C.[Tomcat].[localhost].[/] - Initializing Spring embedded WebApplicationContext
2025-05-06 22:27:31.812 | INFO  | thread=restartedMain | method=prepareWebApplicationContext | traceId= | userId= | serviceName= | appName= | o.s.b.w.s.c.ServletWebServerApplicationContext - Root WebApplicationContext: initialization completed in 2336 ms
2025-05-06 22:27:31.866 | INFO  | thread=restartedMain | method=getConnection | traceId= | userId= | serviceName= | appName= | com.zaxxer.hikari.HikariDataSource - HikariPool-1 - Starting...
2025-05-06 22:27:32.115 | INFO  | thread=restartedMain | method=checkFailFast | traceId= | userId= | serviceName= | appName= | com.zaxxer.hikari.pool.HikariPool - HikariPool-1 - Added connection conn0: url=jdbc:h2:mem:flypayportal user=SA
2025-05-06 22:27:32.116 | INFO  | thread=restartedMain | method=getConnection | traceId= | userId= | serviceName= | appName= | com.zaxxer.hikari.HikariDataSource - HikariPool-1 - Start completed.
2025-05-06 22:27:32.134 | INFO  | thread=restartedMain | method=logDataSources | traceId= | userId= | serviceName= | appName= | o.s.b.a.h.H2ConsoleAutoConfiguration - H2 console available at '/h2-console'. Database available at 'jdbc:h2:mem:flypayportal'
2025-05-06 22:27:32.277 | INFO  | thread=restartedMain | method=logPersistenceUnitInformation | traceId= | userId= | serviceName= | appName= | o.h.jpa.internal.util.LogHelper - HHH000204: Processing PersistenceUnitInfo [name: default]
2025-05-06 22:27:32.344 | INFO  | thread=restartedMain | method=logVersion | traceId= | userId= | serviceName= | appName= | org.hibernate.Version - HHH000412: Hibernate ORM core version 6.5.3.Final
2025-05-06 22:27:32.390 | INFO  | thread=restartedMain | method=initiateService | traceId= | userId= | serviceName= | appName= | o.h.c.i.RegionFactoryInitiator - HHH000026: Second-level cache disabled
2025-05-06 22:27:32.734 | INFO  | thread=restartedMain | method=addTransformer | traceId= | userId= | serviceName= | appName= | o.s.o.j.p.SpringPersistenceUnitInfo - No LoadTimeWeaver setup: ignoring JPA class transformer
2025-05-06 22:27:33.871 | INFO  | thread=restartedMain | method=initiateService | traceId= | userId= | serviceName= | appName= | o.h.e.t.j.p.i.JtaPlatformInitiator - HHH000489: No JTA platform available (set 'hibernate.transaction.jta.platform' to enable JTA platform integration)
2025-05-06 22:27:33.989 | INFO  | thread=restartedMain | method=buildNativeEntityManagerFactory | traceId= | userId= | serviceName= | appName= | o.s.o.j.LocalContainerEntityManagerFactoryBean - Initialized JPA EntityManagerFactory for persistence unit 'default'
2025-05-06 22:27:34.332 | INFO  | thread=restartedMain | method=<clinit> | traceId= | userId= | serviceName= | appName= | o.s.d.j.r.query.QueryEnhancerFactory - Hibernate is in classpath; If applicable, HQL parser will be used.
2025-05-06 22:27:34.964 | INFO  | thread=restartedMain | method=configure | traceId= | userId= | serviceName= | appName= | o.s.s.c.a.a.c.InitializeUserDetailsBeanManagerConfigurer$InitializeUserDetailsManagerConfigurer - Global AuthenticationManager configured with UserDetailsService bean with name userDetailsImp
2025-05-06 22:27:35.929 | INFO  | thread=restartedMain | method=startServer | traceId= | userId= | serviceName= | appName= | o.s.b.d.a.OptionalLiveReloadServer - LiveReload server is running on port 35729
2025-05-06 22:27:35.955 | INFO  | thread=restartedMain | method=log | traceId= | userId= | serviceName= | appName= | o.a.coyote.http11.Http11NioProtocol - Starting ProtocolHandler ["http-nio-8080"]
2025-05-06 22:27:35.973 | INFO  | thread=restartedMain | method=start | traceId= | userId= | serviceName= | appName= | o.s.b.w.e.tomcat.TomcatWebServer - Tomcat started on port 8080 (http) with context path '/'
2025-05-06 22:27:35.994 | INFO  | thread=restartedMain | method=logStarted | traceId= | userId= | serviceName= | appName= | c.f.f.FlypayportalApplication - Started FlypayportalApplication in 7.532 seconds (process running for 8.267)
2025-05-06 22:27:58.699 | INFO  | thread=http-nio-8080-exec-1 | method=log | traceId= | userId= | serviceName= | appName= | o.a.c.c.C.[Tomcat].[localhost].[/] - Initializing Spring DispatcherServlet 'dispatcherServlet'
2025-05-06 22:27:58.700 | INFO  | thread=http-nio-8080-exec-1 | method=initServletBean | traceId= | userId= | serviceName= | appName= | o.s.web.servlet.DispatcherServlet - Initializing Servlet 'dispatcherServlet'
2025-05-06 22:27:58.703 | INFO  | thread=http-nio-8080-exec-1 | method=initServletBean | traceId= | userId= | serviceName= | appName= | o.s.web.servlet.DispatcherServlet - Completed initialization in 2 ms
2025-05-06 22:27:58.710 | INFO  | thread=http-nio-8080-exec-1 | method=doFilterInternal | traceId=370f3f5e-0475-4eab-9871-17e4384fbb40 | userId= | serviceName=FlyPayService | appName=FlyPayPortal | c.f.flypayportal.filter.MDCFilter - MDC initialized with serviceName = FlyPayService  and appName = FlyPayPortal
2025-05-06 22:27:58.763 | INFO  | thread=http-nio-8080-exec-2 | method=doFilterInternal | traceId=d8598d8d-7267-486d-a207-177236e32247 | userId= | serviceName=FlyPayService | appName=FlyPayPortal | c.f.flypayportal.filter.MDCFilter - MDC initialized with serviceName = FlyPayService  and appName = FlyPayPortal
2025-05-06 22:28:29.235 | INFO  | thread=http-nio-8080-exec-3 | method=doFilterInternal | traceId=fd6aadd6-a50d-4e12-8e10-4da539b72b02 | userId= | serviceName=FlyPayService | appName=FlyPayPortal | c.f.flypayportal.filter.MDCFilter - MDC initialized with serviceName = FlyPayService  and appName = FlyPayPortal
2025-05-06 22:28:29.243 | INFO  | thread=http-nio-8080-exec-4 | method=doFilterInternal | traceId=6443a83c-27c0-476d-ab3e-6be169c2bf3e | userId= | serviceName=FlyPayService | appName=FlyPayPortal | c.f.flypayportal.filter.MDCFilter - MDC initialized with serviceName = FlyPayService  and appName = FlyPayPortal
2025-05-06 22:28:31.263 | INFO  | thread=http-nio-8080-exec-5 | method=doFilterInternal | traceId=1b126579-00df-4c59-b55b-f41eebc1dec9 | userId= | serviceName=FlyPayService | appName=FlyPayPortal | c.f.flypayportal.filter.MDCFilter - MDC initialized with serviceName = FlyPayService  and appName = FlyPayPortal
2025-05-06 22:28:31.263 | INFO  | thread=http-nio-8080-exec-6 | method=doFilterInternal | traceId=6c3c03cb-7ae4-4c3f-b974-caed5a04861a | userId= | serviceName=FlyPayService | appName=FlyPayPortal | c.f.flypayportal.filter.MDCFilter - MDC initialized with serviceName = FlyPayService  and appName = FlyPayPortal
2025-05-06 22:28:31.270 | INFO  | thread=http-nio-8080-exec-7 | method=doFilterInternal | traceId=c2792127-1f1d-487d-9900-1ac370cc4bac | userId= | serviceName=FlyPayService | appName=FlyPayPortal | c.f.flypayportal.filter.MDCFilter - MDC initialized with serviceName = FlyPayService  and appName = FlyPayPortal
2025-05-06 22:28:31.406 | INFO  | thread=http-nio-8080-exec-7 | method=doFilterInternal | traceId=4b3547d0-9421-4a8f-acb3-efbf936c04ff | userId= | serviceName=FlyPayService | appName=FlyPayPortal | c.f.flypayportal.filter.MDCFilter - MDC initialized with serviceName = FlyPayService  and appName = FlyPayPortal
2025-05-06 22:28:53.710 | INFO  | thread=http-nio-8080-exec-9 | method=doFilterInternal | traceId=3970bd2a-3882-46f3-b55e-88857677cdc2 | userId= | serviceName=FlyPayService | appName=FlyPayPortal | c.f.flypayportal.filter.MDCFilter - MDC initialized with serviceName = FlyPayService  and appName = FlyPayPortal
2025-05-06 22:28:53.711 | INFO  | thread=http-nio-8080-exec-10 | method=doFilterInternal | traceId=92c44385-a432-456a-8233-3720aa0b209b | userId= | serviceName=FlyPayService | appName=FlyPayPortal | c.f.flypayportal.filter.MDCFilter - MDC initialized with serviceName = FlyPayService  and appName = FlyPayPortal
2025-05-06 22:28:53.721 | INFO  | thread=http-nio-8080-exec-1 | method=doFilterInternal | traceId=83561044-1d61-4710-9e74-f3da0e89e47b | userId= | serviceName=FlyPayService | appName=FlyPayPortal | c.f.flypayportal.filter.MDCFilter - MDC initialized with serviceName = FlyPayService  and appName = FlyPayPortal
2025-05-06 22:28:53.747 | INFO  | thread=http-nio-8080-exec-1 | method=doFilterInternal | traceId=eb840812-363d-4d93-9565-cae61e77a401 | userId= | serviceName=FlyPayService | appName=FlyPayPortal | c.f.flypayportal.filter.MDCFilter - MDC initialized with serviceName = FlyPayService  and appName = FlyPayPortal
2025-05-06 22:28:57.388 | INFO  | thread=http-nio-8080-exec-3 | method=doFilterInternal | traceId=dd254e03-227c-4056-bd1f-fc424b48cc5a | userId= | serviceName=FlyPayService | appName=FlyPayPortal | c.f.flypayportal.filter.MDCFilter - MDC initialized with serviceName = FlyPayService  and appName = FlyPayPortal
2025-05-06 22:28:57.420 | INFO  | thread=http-nio-8080-exec-3 | method=doFilterInternal | traceId=d7e4344f-c09b-443b-9c5f-1255a9ed4c24 | userId= | serviceName=FlyPayService | appName=FlyPayPortal | c.f.flypayportal.filter.MDCFilter - MDC initialized with serviceName = FlyPayService  and appName = FlyPayPortal
