2025-04-29 20:23:13.019 | INFO  | thread=File Watcher | method=onApplicationEvent | traceId= | userId= | serviceName= | appName= | o.s.b.d.a.LocalDevToolsAutoConfiguration$RestartingClassPathChangeChangedEventListener - Restarting due to 1 class path change (1 addition, 0 deletions, 0 modifications)
2025-04-29 20:23:13.095 | INFO  | thread=Thread-5 | method=log | traceId= | userId= | serviceName= | appName= | o.a.coyote.http11.Http11NioProtocol - Stopping ProtocolHandler ["http-nio-8080"]
2025-04-29 20:23:13.153 | INFO  | thread=Thread-5 | method=destroy | traceId= | userId= | serviceName= | appName= | o.s.o.j.LocalContainerEntityManagerFactoryBean - Closing JPA EntityManagerFactory for persistence unit 'default'
2025-04-29 20:23:13.195 | INFO  | thread=Thread-5 | method=close | traceId= | userId= | serviceName= | appName= | com.zaxxer.hikari.HikariDataSource - HikariPool-1 - Shutdown initiated...
2025-04-29 20:23:13.200 | INFO  | thread=Thread-5 | method=close | traceId= | userId= | serviceName= | appName= | com.zaxxer.hikari.HikariDataSource - HikariPool-1 - Shutdown completed.
2025-04-29 20:23:13.387 | INFO  | thread=restartedMain | method=main | traceId= | userId= | serviceName= | appName= | c.f.f.FlypayportalApplication - Starting Flypay Portal Application
2025-04-29 20:23:13.508 | INFO  | thread=restartedMain | method=logStarting | traceId= | userId= | serviceName= | appName= | c.f.f.FlypayportalApplication - Starting FlypayportalApplication using Java 24 with PID 6517 (/Users/vin.uppinkudru/flypayportal/target/classes started by vin.uppinkudru in /Users/vin.uppinkudru/flypayportal)
2025-04-29 20:23:13.509 | INFO  | thread=restartedMain | method=logStartupProfileInfo | traceId= | userId= | serviceName= | appName= | c.f.f.FlypayportalApplication - The following 1 profile is active: "dev"
2025-04-29 20:23:13.997 | INFO  | thread=restartedMain | method=registerRepositoriesIn | traceId= | userId= | serviceName= | appName= | o.s.d.r.c.RepositoryConfigurationDelegate - Bootstrapping Spring Data JPA repositories in DEFAULT mode.
2025-04-29 20:23:14.020 | INFO  | thread=restartedMain | method=registerRepositoriesIn | traceId= | userId= | serviceName= | appName= | o.s.d.r.c.RepositoryConfigurationDelegate - Finished Spring Data repository scanning in 21 ms. Found 2 JPA repository interfaces.
2025-04-29 20:23:14.269 | INFO  | thread=restartedMain | method=initialize | traceId= | userId= | serviceName= | appName= | o.s.b.w.e.tomcat.TomcatWebServer - Tomcat initialized with port 8080 (http)
2025-04-29 20:23:14.272 | INFO  | thread=restartedMain | method=log | traceId= | userId= | serviceName= | appName= | o.a.coyote.http11.Http11NioProtocol - Initializing ProtocolHandler ["http-nio-8080"]
2025-04-29 20:23:14.272 | INFO  | thread=restartedMain | method=log | traceId= | userId= | serviceName= | appName= | o.a.catalina.core.StandardService - Starting service [Tomcat]
2025-04-29 20:23:14.273 | INFO  | thread=restartedMain | method=log | traceId= | userId= | serviceName= | appName= | o.a.catalina.core.StandardEngine - Starting Servlet engine: [Apache Tomcat/10.1.31]
2025-04-29 20:23:14.296 | INFO  | thread=restartedMain | method=log | traceId= | userId= | serviceName= | appName= | o.a.c.c.C.[Tomcat].[localhost].[/] - Initializing Spring embedded WebApplicationContext
2025-04-29 20:23:14.296 | INFO  | thread=restartedMain | method=prepareWebApplicationContext | traceId= | userId= | serviceName= | appName= | o.s.b.w.s.c.ServletWebServerApplicationContext - Root WebApplicationContext: initialization completed in 781 ms
2025-04-29 20:23:14.318 | INFO  | thread=restartedMain | method=getConnection | traceId= | userId= | serviceName= | appName= | com.zaxxer.hikari.HikariDataSource - HikariPool-2 - Starting...
2025-04-29 20:23:14.322 | INFO  | thread=restartedMain | method=checkFailFast | traceId= | userId= | serviceName= | appName= | com.zaxxer.hikari.pool.HikariPool - HikariPool-2 - Added connection conn410: url=jdbc:h2:mem:flypayportal user=SA
2025-04-29 20:23:14.322 | INFO  | thread=restartedMain | method=getConnection | traceId= | userId= | serviceName= | appName= | com.zaxxer.hikari.HikariDataSource - HikariPool-2 - Start completed.
2025-04-29 20:23:14.323 | INFO  | thread=restartedMain | method=logDataSources | traceId= | userId= | serviceName= | appName= | o.s.b.a.h.H2ConsoleAutoConfiguration - H2 console available at '/h2-console'. Database available at 'jdbc:h2:mem:flypayportal'
2025-04-29 20:23:14.375 | INFO  | thread=restartedMain | method=logPersistenceUnitInformation | traceId= | userId= | serviceName= | appName= | o.h.jpa.internal.util.LogHelper - HHH000204: Processing PersistenceUnitInfo [name: default]
2025-04-29 20:23:14.378 | INFO  | thread=restartedMain | method=initiateService | traceId= | userId= | serviceName= | appName= | o.h.c.i.RegionFactoryInitiator - HHH000026: Second-level cache disabled
2025-04-29 20:23:14.398 | INFO  | thread=restartedMain | method=addTransformer | traceId= | userId= | serviceName= | appName= | o.s.o.j.p.SpringPersistenceUnitInfo - No LoadTimeWeaver setup: ignoring JPA class transformer
2025-04-29 20:23:14.527 | INFO  | thread=restartedMain | method=initiateService | traceId= | userId= | serviceName= | appName= | o.h.e.t.j.p.i.JtaPlatformInitiator - HHH000489: No JTA platform available (set 'hibernate.transaction.jta.platform' to enable JTA platform integration)
2025-04-29 20:23:14.537 | INFO  | thread=restartedMain | method=buildNativeEntityManagerFactory | traceId= | userId= | serviceName= | appName= | o.s.o.j.LocalContainerEntityManagerFactoryBean - Initialized JPA EntityManagerFactory for persistence unit 'default'
2025-04-29 20:23:14.701 | INFO  | thread=restartedMain | method=configure | traceId= | userId= | serviceName= | appName= | o.s.s.c.a.a.c.InitializeUserDetailsBeanManagerConfigurer$InitializeUserDetailsManagerConfigurer - Global AuthenticationManager configured with UserDetailsService bean with name userDetailsImp
2025-04-29 20:23:14.978 | INFO  | thread=restartedMain | method=startServer | traceId= | userId= | serviceName= | appName= | o.s.b.d.a.OptionalLiveReloadServer - LiveReload server is running on port 35729
2025-04-29 20:23:14.992 | INFO  | thread=restartedMain | method=log | traceId= | userId= | serviceName= | appName= | o.a.coyote.http11.Http11NioProtocol - Starting ProtocolHandler ["http-nio-8080"]
2025-04-29 20:23:14.994 | INFO  | thread=restartedMain | method=start | traceId= | userId= | serviceName= | appName= | o.s.b.w.e.tomcat.TomcatWebServer - Tomcat started on port 8080 (http) with context path '/'
2025-04-29 20:23:15.003 | INFO  | thread=restartedMain | method=logStarted | traceId= | userId= | serviceName= | appName= | c.f.f.FlypayportalApplication - Started FlypayportalApplication in 1.599 seconds (process running for 67879.144)
2025-04-29 20:23:15.006 | INFO  | thread=restartedMain | method=onApplicationEvent | traceId= | userId= | serviceName= | appName= | o.s.b.d.a.ConditionEvaluationDeltaLoggingListener - Condition evaluation unchanged
2025-04-29 20:23:33.637 | INFO  | thread=File Watcher | method=onApplicationEvent | traceId= | userId= | serviceName= | appName= | o.s.b.d.a.LocalDevToolsAutoConfiguration$RestartingClassPathChangeChangedEventListener - Restarting due to 1 class path change (0 additions, 1 deletion, 0 modifications)
2025-04-29 20:23:33.640 | INFO  | thread=Thread-7 | method=log | traceId= | userId= | serviceName= | appName= | o.a.coyote.http11.Http11NioProtocol - Stopping ProtocolHandler ["http-nio-8080"]
2025-04-29 20:23:33.652 | INFO  | thread=Thread-7 | method=destroy | traceId= | userId= | serviceName= | appName= | o.s.o.j.LocalContainerEntityManagerFactoryBean - Closing JPA EntityManagerFactory for persistence unit 'default'
2025-04-29 20:23:33.654 | INFO  | thread=Thread-7 | method=close | traceId= | userId= | serviceName= | appName= | com.zaxxer.hikari.HikariDataSource - HikariPool-2 - Shutdown initiated...
2025-04-29 20:23:33.656 | INFO  | thread=Thread-7 | method=close | traceId= | userId= | serviceName= | appName= | com.zaxxer.hikari.HikariDataSource - HikariPool-2 - Shutdown completed.
2025-04-29 20:23:33.710 | INFO  | thread=restartedMain | method=main | traceId= | userId= | serviceName= | appName= | c.f.f.FlypayportalApplication - Starting Flypay Portal Application
2025-04-29 20:23:33.747 | INFO  | thread=restartedMain | method=logStarting | traceId= | userId= | serviceName= | appName= | c.f.f.FlypayportalApplication - Starting FlypayportalApplication using Java 24 with PID 6517 (/Users/vin.uppinkudru/flypayportal/target/classes started by vin.uppinkudru in /Users/vin.uppinkudru/flypayportal)
2025-04-29 20:23:33.747 | INFO  | thread=restartedMain | method=logStartupProfileInfo | traceId= | userId= | serviceName= | appName= | c.f.f.FlypayportalApplication - The following 1 profile is active: "dev"
2025-04-29 20:23:33.929 | INFO  | thread=restartedMain | method=registerRepositoriesIn | traceId= | userId= | serviceName= | appName= | o.s.d.r.c.RepositoryConfigurationDelegate - Bootstrapping Spring Data JPA repositories in DEFAULT mode.
2025-04-29 20:23:33.942 | INFO  | thread=restartedMain | method=registerRepositoriesIn | traceId= | userId= | serviceName= | appName= | o.s.d.r.c.RepositoryConfigurationDelegate - Finished Spring Data repository scanning in 13 ms. Found 2 JPA repository interfaces.
2025-04-29 20:23:34.050 | INFO  | thread=restartedMain | method=initialize | traceId= | userId= | serviceName= | appName= | o.s.b.w.e.tomcat.TomcatWebServer - Tomcat initialized with port 8080 (http)
2025-04-29 20:23:34.051 | INFO  | thread=restartedMain | method=log | traceId= | userId= | serviceName= | appName= | o.a.coyote.http11.Http11NioProtocol - Initializing ProtocolHandler ["http-nio-8080"]
2025-04-29 20:23:34.051 | INFO  | thread=restartedMain | method=log | traceId= | userId= | serviceName= | appName= | o.a.catalina.core.StandardService - Starting service [Tomcat]
2025-04-29 20:23:34.052 | INFO  | thread=restartedMain | method=log | traceId= | userId= | serviceName= | appName= | o.a.catalina.core.StandardEngine - Starting Servlet engine: [Apache Tomcat/10.1.31]
2025-04-29 20:23:34.066 | INFO  | thread=restartedMain | method=log | traceId= | userId= | serviceName= | appName= | o.a.c.c.C.[Tomcat].[localhost].[/] - Initializing Spring embedded WebApplicationContext
2025-04-29 20:23:34.066 | INFO  | thread=restartedMain | method=prepareWebApplicationContext | traceId= | userId= | serviceName= | appName= | o.s.b.w.s.c.ServletWebServerApplicationContext - Root WebApplicationContext: initialization completed in 317 ms
2025-04-29 20:23:34.079 | INFO  | thread=restartedMain | method=getConnection | traceId= | userId= | serviceName= | appName= | com.zaxxer.hikari.HikariDataSource - HikariPool-3 - Starting...
2025-04-29 20:23:34.082 | INFO  | thread=restartedMain | method=checkFailFast | traceId= | userId= | serviceName= | appName= | com.zaxxer.hikari.pool.HikariPool - HikariPool-3 - Added connection conn420: url=jdbc:h2:mem:flypayportal user=SA
2025-04-29 20:23:34.083 | INFO  | thread=restartedMain | method=getConnection | traceId= | userId= | serviceName= | appName= | com.zaxxer.hikari.HikariDataSource - HikariPool-3 - Start completed.
2025-04-29 20:23:34.083 | INFO  | thread=restartedMain | method=logDataSources | traceId= | userId= | serviceName= | appName= | o.s.b.a.h.H2ConsoleAutoConfiguration - H2 console available at '/h2-console'. Database available at 'jdbc:h2:mem:flypayportal'
2025-04-29 20:23:34.110 | INFO  | thread=restartedMain | method=logPersistenceUnitInformation | traceId= | userId= | serviceName= | appName= | o.h.jpa.internal.util.LogHelper - HHH000204: Processing PersistenceUnitInfo [name: default]
2025-04-29 20:23:34.112 | INFO  | thread=restartedMain | method=initiateService | traceId= | userId= | serviceName= | appName= | o.h.c.i.RegionFactoryInitiator - HHH000026: Second-level cache disabled
2025-04-29 20:23:34.122 | INFO  | thread=restartedMain | method=addTransformer | traceId= | userId= | serviceName= | appName= | o.s.o.j.p.SpringPersistenceUnitInfo - No LoadTimeWeaver setup: ignoring JPA class transformer
2025-04-29 20:23:34.196 | INFO  | thread=restartedMain | method=initiateService | traceId= | userId= | serviceName= | appName= | o.h.e.t.j.p.i.JtaPlatformInitiator - HHH000489: No JTA platform available (set 'hibernate.transaction.jta.platform' to enable JTA platform integration)
2025-04-29 20:23:34.203 | INFO  | thread=restartedMain | method=buildNativeEntityManagerFactory | traceId= | userId= | serviceName= | appName= | o.s.o.j.LocalContainerEntityManagerFactoryBean - Initialized JPA EntityManagerFactory for persistence unit 'default'
2025-04-29 20:23:34.296 | INFO  | thread=restartedMain | method=configure | traceId= | userId= | serviceName= | appName= | o.s.s.c.a.a.c.InitializeUserDetailsBeanManagerConfigurer$InitializeUserDetailsManagerConfigurer - Global AuthenticationManager configured with UserDetailsService bean with name userDetailsImp
2025-04-29 20:23:34.427 | INFO  | thread=restartedMain | method=startServer | traceId= | userId= | serviceName= | appName= | o.s.b.d.a.OptionalLiveReloadServer - LiveReload server is running on port 35729
2025-04-29 20:23:34.435 | INFO  | thread=restartedMain | method=log | traceId= | userId= | serviceName= | appName= | o.a.coyote.http11.Http11NioProtocol - Starting ProtocolHandler ["http-nio-8080"]
2025-04-29 20:23:34.438 | INFO  | thread=restartedMain | method=start | traceId= | userId= | serviceName= | appName= | o.s.b.w.e.tomcat.TomcatWebServer - Tomcat started on port 8080 (http) with context path '/'
2025-04-29 20:23:34.442 | INFO  | thread=restartedMain | method=logStarted | traceId= | userId= | serviceName= | appName= | c.f.f.FlypayportalApplication - Started FlypayportalApplication in 0.729 seconds (process running for 67898.583)
2025-04-29 20:23:34.444 | INFO  | thread=restartedMain | method=onApplicationEvent | traceId= | userId= | serviceName= | appName= | o.s.b.d.a.ConditionEvaluationDeltaLoggingListener - Condition evaluation unchanged
2025-04-29 21:11:43.162 | INFO  | thread=File Watcher | method=onApplicationEvent | traceId= | userId= | serviceName= | appName= | o.s.b.d.a.LocalDevToolsAutoConfiguration$RestartingClassPathChangeChangedEventListener - Restarting due to 3 class path changes (1 addition, 0 deletions, 2 modifications)
2025-04-29 21:11:43.166 | INFO  | thread=Thread-12 | method=log | traceId= | userId= | serviceName= | appName= | o.a.coyote.http11.Http11NioProtocol - Stopping ProtocolHandler ["http-nio-8080"]
2025-04-29 21:11:43.174 | INFO  | thread=Thread-12 | method=destroy | traceId= | userId= | serviceName= | appName= | o.s.o.j.LocalContainerEntityManagerFactoryBean - Closing JPA EntityManagerFactory for persistence unit 'default'
2025-04-29 21:11:43.176 | INFO  | thread=Thread-12 | method=close | traceId= | userId= | serviceName= | appName= | com.zaxxer.hikari.HikariDataSource - HikariPool-3 - Shutdown initiated...
2025-04-29 21:11:43.177 | INFO  | thread=Thread-12 | method=close | traceId= | userId= | serviceName= | appName= | com.zaxxer.hikari.HikariDataSource - HikariPool-3 - Shutdown completed.
2025-04-29 21:11:43.228 | INFO  | thread=restartedMain | method=main | traceId= | userId= | serviceName= | appName= | c.f.f.FlypayportalApplication - Starting Flypay Portal Application
2025-04-29 21:11:43.262 | INFO  | thread=restartedMain | method=logStarting | traceId= | userId= | serviceName= | appName= | c.f.f.FlypayportalApplication - Starting FlypayportalApplication using Java 24 with PID 6517 (/Users/vin.uppinkudru/flypayportal/target/classes started by vin.uppinkudru in /Users/vin.uppinkudru/flypayportal)
2025-04-29 21:11:43.262 | INFO  | thread=restartedMain | method=logStartupProfileInfo | traceId= | userId= | serviceName= | appName= | c.f.f.FlypayportalApplication - The following 1 profile is active: "dev"
2025-04-29 21:11:43.476 | INFO  | thread=restartedMain | method=registerRepositoriesIn | traceId= | userId= | serviceName= | appName= | o.s.d.r.c.RepositoryConfigurationDelegate - Bootstrapping Spring Data JPA repositories in DEFAULT mode.
2025-04-29 21:11:43.486 | INFO  | thread=restartedMain | method=registerRepositoriesIn | traceId= | userId= | serviceName= | appName= | o.s.d.r.c.RepositoryConfigurationDelegate - Finished Spring Data repository scanning in 10 ms. Found 2 JPA repository interfaces.
2025-04-29 21:11:43.574 | INFO  | thread=restartedMain | method=initialize | traceId= | userId= | serviceName= | appName= | o.s.b.w.e.tomcat.TomcatWebServer - Tomcat initialized with port 8080 (http)
2025-04-29 21:11:43.575 | INFO  | thread=restartedMain | method=log | traceId= | userId= | serviceName= | appName= | o.a.coyote.http11.Http11NioProtocol - Initializing ProtocolHandler ["http-nio-8080"]
2025-04-29 21:11:43.575 | INFO  | thread=restartedMain | method=log | traceId= | userId= | serviceName= | appName= | o.a.catalina.core.StandardService - Starting service [Tomcat]
2025-04-29 21:11:43.576 | INFO  | thread=restartedMain | method=log | traceId= | userId= | serviceName= | appName= | o.a.catalina.core.StandardEngine - Starting Servlet engine: [Apache Tomcat/10.1.31]
2025-04-29 21:11:43.587 | INFO  | thread=restartedMain | method=log | traceId= | userId= | serviceName= | appName= | o.a.c.c.C.[Tomcat].[localhost].[/] - Initializing Spring embedded WebApplicationContext
2025-04-29 21:11:43.587 | INFO  | thread=restartedMain | method=prepareWebApplicationContext | traceId= | userId= | serviceName= | appName= | o.s.b.w.s.c.ServletWebServerApplicationContext - Root WebApplicationContext: initialization completed in 323 ms
2025-04-29 21:11:43.598 | INFO  | thread=restartedMain | method=getConnection | traceId= | userId= | serviceName= | appName= | com.zaxxer.hikari.HikariDataSource - HikariPool-4 - Starting...
2025-04-29 21:11:43.600 | INFO  | thread=restartedMain | method=checkFailFast | traceId= | userId= | serviceName= | appName= | com.zaxxer.hikari.pool.HikariPool - HikariPool-4 - Added connection conn440: url=jdbc:h2:mem:flypayportal user=SA
2025-04-29 21:11:43.601 | INFO  | thread=restartedMain | method=getConnection | traceId= | userId= | serviceName= | appName= | com.zaxxer.hikari.HikariDataSource - HikariPool-4 - Start completed.
2025-04-29 21:11:43.601 | INFO  | thread=restartedMain | method=logDataSources | traceId= | userId= | serviceName= | appName= | o.s.b.a.h.H2ConsoleAutoConfiguration - H2 console available at '/h2-console'. Database available at 'jdbc:h2:mem:flypayportal'
2025-04-29 21:11:43.622 | INFO  | thread=restartedMain | method=logPersistenceUnitInformation | traceId= | userId= | serviceName= | appName= | o.h.jpa.internal.util.LogHelper - HHH000204: Processing PersistenceUnitInfo [name: default]
2025-04-29 21:11:43.623 | INFO  | thread=restartedMain | method=initiateService | traceId= | userId= | serviceName= | appName= | o.h.c.i.RegionFactoryInitiator - HHH000026: Second-level cache disabled
2025-04-29 21:11:43.632 | INFO  | thread=restartedMain | method=addTransformer | traceId= | userId= | serviceName= | appName= | o.s.o.j.p.SpringPersistenceUnitInfo - No LoadTimeWeaver setup: ignoring JPA class transformer
2025-04-29 21:11:43.700 | INFO  | thread=restartedMain | method=initiateService | traceId= | userId= | serviceName= | appName= | o.h.e.t.j.p.i.JtaPlatformInitiator - HHH000489: No JTA platform available (set 'hibernate.transaction.jta.platform' to enable JTA platform integration)
2025-04-29 21:11:43.705 | INFO  | thread=restartedMain | method=buildNativeEntityManagerFactory | traceId= | userId= | serviceName= | appName= | o.s.o.j.LocalContainerEntityManagerFactoryBean - Initialized JPA EntityManagerFactory for persistence unit 'default'
2025-04-29 21:11:43.792 | INFO  | thread=restartedMain | method=configure | traceId= | userId= | serviceName= | appName= | o.s.s.c.a.a.c.InitializeUserDetailsBeanManagerConfigurer$InitializeUserDetailsManagerConfigurer - Global AuthenticationManager configured with UserDetailsService bean with name userDetailsImp
2025-04-29 21:11:43.796 | INFO  | thread=restartedMain | method=destroy | traceId= | userId= | serviceName= | appName= | o.s.o.j.LocalContainerEntityManagerFactoryBean - Closing JPA EntityManagerFactory for persistence unit 'default'
2025-04-29 21:11:43.797 | INFO  | thread=restartedMain | method=close | traceId= | userId= | serviceName= | appName= | com.zaxxer.hikari.HikariDataSource - HikariPool-4 - Shutdown initiated...
2025-04-29 21:11:43.805 | INFO  | thread=restartedMain | method=close | traceId= | userId= | serviceName= | appName= | com.zaxxer.hikari.HikariDataSource - HikariPool-4 - Shutdown completed.
2025-04-29 21:11:43.806 | INFO  | thread=restartedMain | method=log | traceId= | userId= | serviceName= | appName= | o.a.catalina.core.StandardService - Stopping service [Tomcat]
2025-04-29 21:11:43.812 | INFO  | thread=restartedMain | method=logMessage | traceId= | userId= | serviceName= | appName= | o.s.b.a.l.ConditionEvaluationReportLogger - 

Error starting ApplicationContext. To display the condition evaluation report re-run your application with 'debug' enabled.
2025-04-29 21:11:48.701 | INFO  | thread=background-preinit | method=<clinit> | traceId= | userId= | serviceName= | appName= | o.h.validator.internal.util.Version - HV000001: Hibernate Validator 8.0.1.Final
2025-04-29 21:11:48.773 | INFO  | thread=restartedMain | method=logStarting | traceId= | userId= | serviceName= | appName= | c.f.f.FlypayportalApplication - Starting FlypayportalApplication using Java 24 with PID 89582 (/Users/vin.uppinkudru/flypayportal/target/classes started by vin.uppinkudru in /Users/vin.uppinkudru/flypayportal)
2025-04-29 21:11:48.774 | INFO  | thread=restartedMain | method=logStartupProfileInfo | traceId= | userId= | serviceName= | appName= | c.f.f.FlypayportalApplication - The following 1 profile is active: "dev"
2025-04-29 21:11:48.846 | INFO  | thread=restartedMain | method=logTo | traceId= | userId= | serviceName= | appName= | o.s.b.d.e.DevToolsPropertyDefaultsPostProcessor - Devtools property defaults active! Set 'spring.devtools.add-properties' to 'false' to disable
2025-04-29 21:11:48.846 | INFO  | thread=restartedMain | method=logTo | traceId= | userId= | serviceName= | appName= | o.s.b.d.e.DevToolsPropertyDefaultsPostProcessor - For additional web related logging consider setting the 'logging.level.web' property to 'DEBUG'
2025-04-29 21:11:50.088 | INFO  | thread=restartedMain | method=registerRepositoriesIn | traceId= | userId= | serviceName= | appName= | o.s.d.r.c.RepositoryConfigurationDelegate - Bootstrapping Spring Data JPA repositories in DEFAULT mode.
2025-04-29 21:11:50.189 | INFO  | thread=restartedMain | method=registerRepositoriesIn | traceId= | userId= | serviceName= | appName= | o.s.d.r.c.RepositoryConfigurationDelegate - Finished Spring Data repository scanning in 85 ms. Found 2 JPA repository interfaces.
2025-04-29 21:11:51.006 | INFO  | thread=restartedMain | method=initialize | traceId= | userId= | serviceName= | appName= | o.s.b.w.e.tomcat.TomcatWebServer - Tomcat initialized with port 8080 (http)
2025-04-29 21:11:51.024 | INFO  | thread=restartedMain | method=log | traceId= | userId= | serviceName= | appName= | o.a.coyote.http11.Http11NioProtocol - Initializing ProtocolHandler ["http-nio-8080"]
2025-04-29 21:11:51.027 | INFO  | thread=restartedMain | method=log | traceId= | userId= | serviceName= | appName= | o.a.catalina.core.StandardService - Starting service [Tomcat]
2025-04-29 21:11:51.028 | INFO  | thread=restartedMain | method=log | traceId= | userId= | serviceName= | appName= | o.a.catalina.core.StandardEngine - Starting Servlet engine: [Apache Tomcat/10.1.31]
2025-04-29 21:11:51.096 | INFO  | thread=restartedMain | method=log | traceId= | userId= | serviceName= | appName= | o.a.c.c.C.[Tomcat].[localhost].[/] - Initializing Spring embedded WebApplicationContext
2025-04-29 21:11:51.097 | INFO  | thread=restartedMain | method=prepareWebApplicationContext | traceId= | userId= | serviceName= | appName= | o.s.b.w.s.c.ServletWebServerApplicationContext - Root WebApplicationContext: initialization completed in 2249 ms
2025-04-29 21:11:51.143 | INFO  | thread=restartedMain | method=getConnection | traceId= | userId= | serviceName= | appName= | com.zaxxer.hikari.HikariDataSource - HikariPool-1 - Starting...
2025-04-29 21:11:51.443 | INFO  | thread=restartedMain | method=checkFailFast | traceId= | userId= | serviceName= | appName= | com.zaxxer.hikari.pool.HikariPool - HikariPool-1 - Added connection conn0: url=jdbc:h2:mem:flypayportal user=SA
2025-04-29 21:11:51.446 | INFO  | thread=restartedMain | method=getConnection | traceId= | userId= | serviceName= | appName= | com.zaxxer.hikari.HikariDataSource - HikariPool-1 - Start completed.
2025-04-29 21:11:51.463 | INFO  | thread=restartedMain | method=logDataSources | traceId= | userId= | serviceName= | appName= | o.s.b.a.h.H2ConsoleAutoConfiguration - H2 console available at '/h2-console'. Database available at 'jdbc:h2:mem:flypayportal'
2025-04-29 21:11:51.616 | INFO  | thread=restartedMain | method=logPersistenceUnitInformation | traceId= | userId= | serviceName= | appName= | o.h.jpa.internal.util.LogHelper - HHH000204: Processing PersistenceUnitInfo [name: default]
2025-04-29 21:11:51.728 | INFO  | thread=restartedMain | method=logVersion | traceId= | userId= | serviceName= | appName= | org.hibernate.Version - HHH000412: Hibernate ORM core version 6.5.3.Final
2025-04-29 21:11:51.796 | INFO  | thread=restartedMain | method=initiateService | traceId= | userId= | serviceName= | appName= | o.h.c.i.RegionFactoryInitiator - HHH000026: Second-level cache disabled
2025-04-29 21:11:52.266 | INFO  | thread=restartedMain | method=addTransformer | traceId= | userId= | serviceName= | appName= | o.s.o.j.p.SpringPersistenceUnitInfo - No LoadTimeWeaver setup: ignoring JPA class transformer
2025-04-29 21:11:53.517 | INFO  | thread=restartedMain | method=initiateService | traceId= | userId= | serviceName= | appName= | o.h.e.t.j.p.i.JtaPlatformInitiator - HHH000489: No JTA platform available (set 'hibernate.transaction.jta.platform' to enable JTA platform integration)
2025-04-29 21:11:53.619 | INFO  | thread=restartedMain | method=buildNativeEntityManagerFactory | traceId= | userId= | serviceName= | appName= | o.s.o.j.LocalContainerEntityManagerFactoryBean - Initialized JPA EntityManagerFactory for persistence unit 'default'
2025-04-29 21:11:54.034 | INFO  | thread=restartedMain | method=<clinit> | traceId= | userId= | serviceName= | appName= | o.s.d.j.r.query.QueryEnhancerFactory - Hibernate is in classpath; If applicable, HQL parser will be used.
2025-04-29 21:11:54.639 | INFO  | thread=restartedMain | method=configure | traceId= | userId= | serviceName= | appName= | o.s.s.c.a.a.c.InitializeUserDetailsBeanManagerConfigurer$InitializeUserDetailsManagerConfigurer - Global AuthenticationManager configured with UserDetailsService bean with name userDetailsImp
2025-04-29 21:11:54.651 | INFO  | thread=restartedMain | method=destroy | traceId= | userId= | serviceName= | appName= | o.s.o.j.LocalContainerEntityManagerFactoryBean - Closing JPA EntityManagerFactory for persistence unit 'default'
2025-04-29 21:11:54.660 | INFO  | thread=restartedMain | method=close | traceId= | userId= | serviceName= | appName= | com.zaxxer.hikari.HikariDataSource - HikariPool-1 - Shutdown initiated...
2025-04-29 21:11:54.663 | INFO  | thread=restartedMain | method=close | traceId= | userId= | serviceName= | appName= | com.zaxxer.hikari.HikariDataSource - HikariPool-1 - Shutdown completed.
2025-04-29 21:11:54.667 | INFO  | thread=restartedMain | method=log | traceId= | userId= | serviceName= | appName= | o.a.catalina.core.StandardService - Stopping service [Tomcat]
2025-04-29 21:11:54.693 | INFO  | thread=restartedMain | method=logMessage | traceId= | userId= | serviceName= | appName= | o.s.b.a.l.ConditionEvaluationReportLogger - 

Error starting ApplicationContext. To display the condition evaluation report re-run your application with 'debug' enabled.
2025-04-29 21:12:27.851 | INFO  | thread=restartedMain | method=main | traceId= | userId= | serviceName= | appName= | c.f.f.FlypayportalApplication - Starting Flypay Portal Application
2025-04-29 21:12:27.886 | INFO  | thread=restartedMain | method=logStarting | traceId= | userId= | serviceName= | appName= | c.f.f.FlypayportalApplication - Starting FlypayportalApplication using Java 24 with PID 6517 (/Users/vin.uppinkudru/flypayportal/target/classes started by vin.uppinkudru in /Users/vin.uppinkudru/flypayportal)
2025-04-29 21:12:27.886 | INFO  | thread=restartedMain | method=logStartupProfileInfo | traceId= | userId= | serviceName= | appName= | c.f.f.FlypayportalApplication - The following 1 profile is active: "dev"
2025-04-29 21:12:28.079 | INFO  | thread=restartedMain | method=registerRepositoriesIn | traceId= | userId= | serviceName= | appName= | o.s.d.r.c.RepositoryConfigurationDelegate - Bootstrapping Spring Data JPA repositories in DEFAULT mode.
2025-04-29 21:12:28.093 | INFO  | thread=restartedMain | method=registerRepositoriesIn | traceId= | userId= | serviceName= | appName= | o.s.d.r.c.RepositoryConfigurationDelegate - Finished Spring Data repository scanning in 13 ms. Found 2 JPA repository interfaces.
2025-04-29 21:12:28.181 | INFO  | thread=restartedMain | method=initialize | traceId= | userId= | serviceName= | appName= | o.s.b.w.e.tomcat.TomcatWebServer - Tomcat initialized with port 8080 (http)
2025-04-29 21:12:28.183 | INFO  | thread=restartedMain | method=log | traceId= | userId= | serviceName= | appName= | o.a.coyote.http11.Http11NioProtocol - Initializing ProtocolHandler ["http-nio-8080"]
2025-04-29 21:12:28.183 | INFO  | thread=restartedMain | method=log | traceId= | userId= | serviceName= | appName= | o.a.catalina.core.StandardService - Starting service [Tomcat]
2025-04-29 21:12:28.183 | INFO  | thread=restartedMain | method=log | traceId= | userId= | serviceName= | appName= | o.a.catalina.core.StandardEngine - Starting Servlet engine: [Apache Tomcat/10.1.31]
2025-04-29 21:12:28.205 | INFO  | thread=restartedMain | method=log | traceId= | userId= | serviceName= | appName= | o.a.c.c.C.[Tomcat-1].[localhost].[/] - Initializing Spring embedded WebApplicationContext
2025-04-29 21:12:28.206 | INFO  | thread=restartedMain | method=prepareWebApplicationContext | traceId= | userId= | serviceName= | appName= | o.s.b.w.s.c.ServletWebServerApplicationContext - Root WebApplicationContext: initialization completed in 317 ms
2025-04-29 21:12:28.214 | INFO  | thread=restartedMain | method=getConnection | traceId= | userId= | serviceName= | appName= | com.zaxxer.hikari.HikariDataSource - HikariPool-5 - Starting...
2025-04-29 21:12:28.216 | INFO  | thread=restartedMain | method=checkFailFast | traceId= | userId= | serviceName= | appName= | com.zaxxer.hikari.pool.HikariPool - HikariPool-5 - Added connection conn444: url=jdbc:h2:mem:flypayportal user=SA
2025-04-29 21:12:28.217 | INFO  | thread=restartedMain | method=getConnection | traceId= | userId= | serviceName= | appName= | com.zaxxer.hikari.HikariDataSource - HikariPool-5 - Start completed.
2025-04-29 21:12:28.217 | INFO  | thread=restartedMain | method=logDataSources | traceId= | userId= | serviceName= | appName= | o.s.b.a.h.H2ConsoleAutoConfiguration - H2 console available at '/h2-console'. Database available at 'jdbc:h2:mem:flypayportal'
2025-04-29 21:12:28.241 | INFO  | thread=restartedMain | method=logPersistenceUnitInformation | traceId= | userId= | serviceName= | appName= | o.h.jpa.internal.util.LogHelper - HHH000204: Processing PersistenceUnitInfo [name: default]
2025-04-29 21:12:28.244 | INFO  | thread=restartedMain | method=initiateService | traceId= | userId= | serviceName= | appName= | o.h.c.i.RegionFactoryInitiator - HHH000026: Second-level cache disabled
2025-04-29 21:12:28.249 | INFO  | thread=restartedMain | method=addTransformer | traceId= | userId= | serviceName= | appName= | o.s.o.j.p.SpringPersistenceUnitInfo - No LoadTimeWeaver setup: ignoring JPA class transformer
2025-04-29 21:12:28.318 | INFO  | thread=restartedMain | method=initiateService | traceId= | userId= | serviceName= | appName= | o.h.e.t.j.p.i.JtaPlatformInitiator - HHH000489: No JTA platform available (set 'hibernate.transaction.jta.platform' to enable JTA platform integration)
2025-04-29 21:12:28.325 | INFO  | thread=restartedMain | method=buildNativeEntityManagerFactory | traceId= | userId= | serviceName= | appName= | o.s.o.j.LocalContainerEntityManagerFactoryBean - Initialized JPA EntityManagerFactory for persistence unit 'default'
2025-04-29 21:12:28.399 | INFO  | thread=restartedMain | method=configure | traceId= | userId= | serviceName= | appName= | o.s.s.c.a.a.c.InitializeUserDetailsBeanManagerConfigurer$InitializeUserDetailsManagerConfigurer - Global AuthenticationManager configured with UserDetailsService bean with name userDetailsImp
2025-04-29 21:12:28.535 | INFO  | thread=restartedMain | method=startServer | traceId= | userId= | serviceName= | appName= | o.s.b.d.a.OptionalLiveReloadServer - LiveReload server is running on port 35729
2025-04-29 21:12:28.544 | INFO  | thread=restartedMain | method=log | traceId= | userId= | serviceName= | appName= | o.a.coyote.http11.Http11NioProtocol - Starting ProtocolHandler ["http-nio-8080"]
2025-04-29 21:12:28.546 | INFO  | thread=restartedMain | method=start | traceId= | userId= | serviceName= | appName= | o.s.b.w.e.tomcat.TomcatWebServer - Tomcat started on port 8080 (http) with context path '/'
2025-04-29 21:12:28.549 | INFO  | thread=restartedMain | method=logStarted | traceId= | userId= | serviceName= | appName= | c.f.f.FlypayportalApplication - Started FlypayportalApplication in 0.693 seconds (process running for 70832.823)
2025-04-29 21:12:28.551 | INFO  | thread=restartedMain | method=onApplicationEvent | traceId= | userId= | serviceName= | appName= | o.s.b.d.a.ConditionEvaluationDeltaLoggingListener - Condition evaluation unchanged
2025-04-29 21:12:35.224 | INFO  | thread=background-preinit | method=<clinit> | traceId= | userId= | serviceName= | appName= | o.h.validator.internal.util.Version - HV000001: Hibernate Validator 8.0.1.Final
2025-04-29 21:12:35.284 | INFO  | thread=restartedMain | method=logStarting | traceId= | userId= | serviceName= | appName= | c.f.f.FlypayportalApplication - Starting FlypayportalApplication using Java 24 with PID 89674 (/Users/vin.uppinkudru/flypayportal/target/classes started by vin.uppinkudru in /Users/vin.uppinkudru/flypayportal)
2025-04-29 21:12:35.285 | INFO  | thread=restartedMain | method=logStartupProfileInfo | traceId= | userId= | serviceName= | appName= | c.f.f.FlypayportalApplication - The following 1 profile is active: "dev"
2025-04-29 21:12:35.351 | INFO  | thread=restartedMain | method=logTo | traceId= | userId= | serviceName= | appName= | o.s.b.d.e.DevToolsPropertyDefaultsPostProcessor - Devtools property defaults active! Set 'spring.devtools.add-properties' to 'false' to disable
2025-04-29 21:12:35.352 | INFO  | thread=restartedMain | method=logTo | traceId= | userId= | serviceName= | appName= | o.s.b.d.e.DevToolsPropertyDefaultsPostProcessor - For additional web related logging consider setting the 'logging.level.web' property to 'DEBUG'
2025-04-29 21:12:36.531 | INFO  | thread=restartedMain | method=registerRepositoriesIn | traceId= | userId= | serviceName= | appName= | o.s.d.r.c.RepositoryConfigurationDelegate - Bootstrapping Spring Data JPA repositories in DEFAULT mode.
2025-04-29 21:12:36.629 | INFO  | thread=restartedMain | method=registerRepositoriesIn | traceId= | userId= | serviceName= | appName= | o.s.d.r.c.RepositoryConfigurationDelegate - Finished Spring Data repository scanning in 85 ms. Found 2 JPA repository interfaces.
2025-04-29 21:12:37.396 | INFO  | thread=restartedMain | method=initialize | traceId= | userId= | serviceName= | appName= | o.s.b.w.e.tomcat.TomcatWebServer - Tomcat initialized with port 8080 (http)
2025-04-29 21:12:37.414 | INFO  | thread=restartedMain | method=log | traceId= | userId= | serviceName= | appName= | o.a.coyote.http11.Http11NioProtocol - Initializing ProtocolHandler ["http-nio-8080"]
2025-04-29 21:12:37.419 | INFO  | thread=restartedMain | method=log | traceId= | userId= | serviceName= | appName= | o.a.catalina.core.StandardService - Starting service [Tomcat]
2025-04-29 21:12:37.420 | INFO  | thread=restartedMain | method=log | traceId= | userId= | serviceName= | appName= | o.a.catalina.core.StandardEngine - Starting Servlet engine: [Apache Tomcat/10.1.31]
2025-04-29 21:12:37.481 | INFO  | thread=restartedMain | method=log | traceId= | userId= | serviceName= | appName= | o.a.c.c.C.[Tomcat].[localhost].[/] - Initializing Spring embedded WebApplicationContext
2025-04-29 21:12:37.482 | INFO  | thread=restartedMain | method=prepareWebApplicationContext | traceId= | userId= | serviceName= | appName= | o.s.b.w.s.c.ServletWebServerApplicationContext - Root WebApplicationContext: initialization completed in 2130 ms
2025-04-29 21:12:37.524 | INFO  | thread=restartedMain | method=getConnection | traceId= | userId= | serviceName= | appName= | com.zaxxer.hikari.HikariDataSource - HikariPool-1 - Starting...
2025-04-29 21:12:37.779 | INFO  | thread=restartedMain | method=checkFailFast | traceId= | userId= | serviceName= | appName= | com.zaxxer.hikari.pool.HikariPool - HikariPool-1 - Added connection conn0: url=jdbc:h2:mem:flypayportal user=SA
2025-04-29 21:12:37.782 | INFO  | thread=restartedMain | method=getConnection | traceId= | userId= | serviceName= | appName= | com.zaxxer.hikari.HikariDataSource - HikariPool-1 - Start completed.
2025-04-29 21:12:37.798 | INFO  | thread=restartedMain | method=logDataSources | traceId= | userId= | serviceName= | appName= | o.s.b.a.h.H2ConsoleAutoConfiguration - H2 console available at '/h2-console'. Database available at 'jdbc:h2:mem:flypayportal'
2025-04-29 21:12:37.945 | INFO  | thread=restartedMain | method=logPersistenceUnitInformation | traceId= | userId= | serviceName= | appName= | o.h.jpa.internal.util.LogHelper - HHH000204: Processing PersistenceUnitInfo [name: default]
2025-04-29 21:12:38.033 | INFO  | thread=restartedMain | method=logVersion | traceId= | userId= | serviceName= | appName= | org.hibernate.Version - HHH000412: Hibernate ORM core version 6.5.3.Final
2025-04-29 21:12:38.086 | INFO  | thread=restartedMain | method=initiateService | traceId= | userId= | serviceName= | appName= | o.h.c.i.RegionFactoryInitiator - HHH000026: Second-level cache disabled
2025-04-29 21:12:38.519 | INFO  | thread=restartedMain | method=addTransformer | traceId= | userId= | serviceName= | appName= | o.s.o.j.p.SpringPersistenceUnitInfo - No LoadTimeWeaver setup: ignoring JPA class transformer
2025-04-29 21:12:39.731 | INFO  | thread=restartedMain | method=initiateService | traceId= | userId= | serviceName= | appName= | o.h.e.t.j.p.i.JtaPlatformInitiator - HHH000489: No JTA platform available (set 'hibernate.transaction.jta.platform' to enable JTA platform integration)
2025-04-29 21:12:39.831 | INFO  | thread=restartedMain | method=buildNativeEntityManagerFactory | traceId= | userId= | serviceName= | appName= | o.s.o.j.LocalContainerEntityManagerFactoryBean - Initialized JPA EntityManagerFactory for persistence unit 'default'
2025-04-29 21:12:40.209 | INFO  | thread=restartedMain | method=<clinit> | traceId= | userId= | serviceName= | appName= | o.s.d.j.r.query.QueryEnhancerFactory - Hibernate is in classpath; If applicable, HQL parser will be used.
2025-04-29 21:12:40.767 | INFO  | thread=restartedMain | method=configure | traceId= | userId= | serviceName= | appName= | o.s.s.c.a.a.c.InitializeUserDetailsBeanManagerConfigurer$InitializeUserDetailsManagerConfigurer - Global AuthenticationManager configured with UserDetailsService bean with name userDetailsImp
2025-04-29 21:12:41.817 | INFO  | thread=restartedMain | method=log | traceId= | userId= | serviceName= | appName= | o.a.coyote.http11.Http11NioProtocol - Starting ProtocolHandler ["http-nio-8080"]
2025-04-29 21:12:41.831 | INFO  | thread=restartedMain | method=destroy | traceId= | userId= | serviceName= | appName= | o.s.o.j.LocalContainerEntityManagerFactoryBean - Closing JPA EntityManagerFactory for persistence unit 'default'
2025-04-29 21:12:41.838 | INFO  | thread=restartedMain | method=close | traceId= | userId= | serviceName= | appName= | com.zaxxer.hikari.HikariDataSource - HikariPool-1 - Shutdown initiated...
2025-04-29 21:12:41.843 | INFO  | thread=restartedMain | method=close | traceId= | userId= | serviceName= | appName= | com.zaxxer.hikari.HikariDataSource - HikariPool-1 - Shutdown completed.
2025-04-29 21:12:41.868 | INFO  | thread=restartedMain | method=logMessage | traceId= | userId= | serviceName= | appName= | o.s.b.a.l.ConditionEvaluationReportLogger - 

Error starting ApplicationContext. To display the condition evaluation report re-run your application with 'debug' enabled.
2025-04-29 21:13:05.330 | INFO  | thread=http-nio-8080-exec-1 | method=log | traceId= | userId= | serviceName= | appName= | o.a.c.c.C.[Tomcat-1].[localhost].[/] - Initializing Spring DispatcherServlet 'dispatcherServlet'
2025-04-29 21:13:05.331 | INFO  | thread=http-nio-8080-exec-1 | method=initServletBean | traceId= | userId= | serviceName= | appName= | o.s.web.servlet.DispatcherServlet - Initializing Servlet 'dispatcherServlet'
2025-04-29 21:13:05.332 | INFO  | thread=http-nio-8080-exec-1 | method=initServletBean | traceId= | userId= | serviceName= | appName= | o.s.web.servlet.DispatcherServlet - Completed initialization in 1 ms
2025-04-29 21:13:05.333 | INFO  | thread=http-nio-8080-exec-1 | method=doFilterInternal | traceId=a447dc28-bf08-4afa-a1b6-5351035e7b5e | userId= | serviceName=FlyPayService | appName=FlyPayPortal | c.f.flypayportal.filter.MDCFilter - MDC initialized with serviceName = FlyPayService  and appName = FlyPayPortal
2025-04-29 21:13:05.362 | INFO  | thread=http-nio-8080-exec-2 | method=doFilterInternal | traceId=034afeb1-2d2e-4641-8fcb-c3ffe9f0b468 | userId= | serviceName=FlyPayService | appName=FlyPayPortal | c.f.flypayportal.filter.MDCFilter - MDC initialized with serviceName = FlyPayService  and appName = FlyPayPortal
2025-04-29 21:13:05.365 | INFO  | thread=http-nio-8080-exec-3 | method=doFilterInternal | traceId=c5a44c9e-b76d-4b98-b054-3f816cd5c837 | userId= | serviceName=FlyPayService | appName=FlyPayPortal | c.f.flypayportal.filter.MDCFilter - MDC initialized with serviceName = FlyPayService  and appName = FlyPayPortal
2025-04-29 21:13:05.366 | INFO  | thread=http-nio-8080-exec-6 | method=doFilterInternal | traceId=a24dd039-9f16-4b02-be31-3476cfd1e28e | userId= | serviceName=FlyPayService | appName=FlyPayPortal | c.f.flypayportal.filter.MDCFilter - MDC initialized with serviceName = FlyPayService  and appName = FlyPayPortal
2025-04-29 21:13:05.366 | INFO  | thread=http-nio-8080-exec-4 | method=doFilterInternal | traceId=d90f3209-b289-4681-874c-c3e30e62871b | userId= | serviceName=FlyPayService | appName=FlyPayPortal | c.f.flypayportal.filter.MDCFilter - MDC initialized with serviceName = FlyPayService  and appName = FlyPayPortal
2025-04-29 21:13:05.366 | INFO  | thread=http-nio-8080-exec-5 | method=doFilterInternal | traceId=7fa8122e-2e8f-4ba4-b1fa-04e200c7591a | userId= | serviceName=FlyPayService | appName=FlyPayPortal | c.f.flypayportal.filter.MDCFilter - MDC initialized with serviceName = FlyPayService  and appName = FlyPayPortal
2025-04-29 21:13:05.627 | INFO  | thread=http-nio-8080-exec-7 | method=doFilterInternal | traceId=85354af8-9c6b-433a-99cf-b2838b993d80 | userId= | serviceName=FlyPayService | appName=FlyPayPortal | c.f.flypayportal.filter.MDCFilter - MDC initialized with serviceName = FlyPayService  and appName = FlyPayPortal
2025-04-29 21:13:05.628 | INFO  | thread=http-nio-8080-exec-8 | method=doFilterInternal | traceId=c0a5e8f5-3864-490b-b30f-3665a6c4e3ad | userId= | serviceName=FlyPayService | appName=FlyPayPortal | c.f.flypayportal.filter.MDCFilter - MDC initialized with serviceName = FlyPayService  and appName = FlyPayPortal
2025-04-29 21:13:05.659 | INFO  | thread=http-nio-8080-exec-9 | method=doFilterInternal | traceId=d07da0ee-45e4-45fb-a9e2-9706e67aa7e8 | userId= | serviceName=FlyPayService | appName=FlyPayPortal | c.f.flypayportal.filter.MDCFilter - MDC initialized with serviceName = FlyPayService  and appName = FlyPayPortal
2025-04-29 21:13:05.765 | INFO  | thread=http-nio-8080-exec-9 | method=getOpenApi | traceId=d07da0ee-45e4-45fb-a9e2-9706e67aa7e8 | userId= | serviceName=FlyPayService | appName=FlyPayPortal | o.s.api.AbstractOpenApiResource - Init duration for springdoc-openapi is: 100 ms
2025-04-29 21:14:10.504 | INFO  | thread=http-nio-8080-exec-5 | method=doFilterInternal | traceId=10633c19-4823-43b4-b846-f85caf9d1e91 | userId= | serviceName=FlyPayService | appName=FlyPayPortal | c.f.flypayportal.filter.MDCFilter - MDC initialized with serviceName = FlyPayService  and appName = FlyPayPortal
2025-04-29 21:14:42.266 | INFO  | thread=http-nio-8080-exec-4 | method=doFilterInternal | traceId=a1b57aaf-7a1a-448f-8d55-dcdf6e944b06 | userId= | serviceName=FlyPayService | appName=FlyPayPortal | c.f.flypayportal.filter.MDCFilter - MDC initialized with serviceName = FlyPayService  and appName = FlyPayPortal
2025-04-29 21:15:12.511 | INFO  | thread=http-nio-8080-exec-8 | method=doFilterInternal | traceId=1e35a4e2-7c5c-4133-af8a-7ae1f08840f4 | userId= | serviceName=FlyPayService | appName=FlyPayPortal | c.f.flypayportal.filter.MDCFilter - MDC initialized with serviceName = FlyPayService  and appName = FlyPayPortal
2025-04-29 21:15:41.670 | INFO  | thread=http-nio-8080-exec-7 | method=doFilterInternal | traceId=0c3d5708-0ccc-4840-8a8f-101867a42e94 | userId= | serviceName=FlyPayService | appName=FlyPayPortal | c.f.flypayportal.filter.MDCFilter - MDC initialized with serviceName = FlyPayService  and appName = FlyPayPortal
2025-04-29 21:16:19.122 | INFO  | thread=http-nio-8080-exec-9 | method=doFilterInternal | traceId=968d4d24-e9c6-4ce1-a791-413843c27d43 | userId= | serviceName=FlyPayService | appName=FlyPayPortal | c.f.flypayportal.filter.MDCFilter - MDC initialized with serviceName = FlyPayService  and appName = FlyPayPortal
2025-04-29 21:17:16.082 | INFO  | thread=http-nio-8080-exec-10 | method=doFilterInternal | traceId=337d0849-218f-4e3e-89db-bbfb8a2a1cd1 | userId= | serviceName=FlyPayService | appName=FlyPayPortal | c.f.flypayportal.filter.MDCFilter - MDC initialized with serviceName = FlyPayService  and appName = FlyPayPortal
2025-04-29 21:19:12.359 | INFO  | thread=http-nio-8080-exec-3 | method=doFilterInternal | traceId=8980d6a7-8216-4852-9065-6e291d5419b1 | userId= | serviceName=FlyPayService | appName=FlyPayPortal | c.f.flypayportal.filter.MDCFilter - MDC initialized with serviceName = FlyPayService  and appName = FlyPayPortal
2025-04-29 21:21:04.530 | INFO  | thread=SpringApplicationShutdownHook | method=destroy | traceId= | userId= | serviceName= | appName= | o.s.o.j.LocalContainerEntityManagerFactoryBean - Closing JPA EntityManagerFactory for persistence unit 'default'
2025-04-29 21:21:04.531 | INFO  | thread=SpringApplicationShutdownHook | method=close | traceId= | userId= | serviceName= | appName= | com.zaxxer.hikari.HikariDataSource - HikariPool-5 - Shutdown initiated...
2025-04-29 21:21:04.532 | INFO  | thread=SpringApplicationShutdownHook | method=close | traceId= | userId= | serviceName= | appName= | com.zaxxer.hikari.HikariDataSource - HikariPool-5 - Shutdown completed.
2025-04-29 21:22:03.152 | INFO  | thread=background-preinit | method=<clinit> | traceId= | userId= | serviceName= | appName= | o.h.validator.internal.util.Version - HV000001: Hibernate Validator 8.0.1.Final
2025-04-29 21:22:03.217 | INFO  | thread=restartedMain | method=logStarting | traceId= | userId= | serviceName= | appName= | c.f.f.FlypayportalApplication - Starting FlypayportalApplication using Java 24 with PID 90116 (/Users/vin.uppinkudru/flypayportal/target/classes started by vin.uppinkudru in /Users/vin.uppinkudru/flypayportal)
2025-04-29 21:22:03.218 | INFO  | thread=restartedMain | method=logStartupProfileInfo | traceId= | userId= | serviceName= | appName= | c.f.f.FlypayportalApplication - The following 1 profile is active: "dev"
2025-04-29 21:22:03.292 | INFO  | thread=restartedMain | method=logTo | traceId= | userId= | serviceName= | appName= | o.s.b.d.e.DevToolsPropertyDefaultsPostProcessor - Devtools property defaults active! Set 'spring.devtools.add-properties' to 'false' to disable
2025-04-29 21:22:03.292 | INFO  | thread=restartedMain | method=logTo | traceId= | userId= | serviceName= | appName= | o.s.b.d.e.DevToolsPropertyDefaultsPostProcessor - For additional web related logging consider setting the 'logging.level.web' property to 'DEBUG'
2025-04-29 21:22:04.566 | INFO  | thread=restartedMain | method=registerRepositoriesIn | traceId= | userId= | serviceName= | appName= | o.s.d.r.c.RepositoryConfigurationDelegate - Bootstrapping Spring Data JPA repositories in DEFAULT mode.
2025-04-29 21:22:04.674 | INFO  | thread=restartedMain | method=registerRepositoriesIn | traceId= | userId= | serviceName= | appName= | o.s.d.r.c.RepositoryConfigurationDelegate - Finished Spring Data repository scanning in 92 ms. Found 2 JPA repository interfaces.
2025-04-29 21:22:05.649 | INFO  | thread=restartedMain | method=initialize | traceId= | userId= | serviceName= | appName= | o.s.b.w.e.tomcat.TomcatWebServer - Tomcat initialized with port 8080 (http)
2025-04-29 21:22:05.671 | INFO  | thread=restartedMain | method=log | traceId= | userId= | serviceName= | appName= | o.a.coyote.http11.Http11NioProtocol - Initializing ProtocolHandler ["http-nio-8080"]
2025-04-29 21:22:05.677 | INFO  | thread=restartedMain | method=log | traceId= | userId= | serviceName= | appName= | o.a.catalina.core.StandardService - Starting service [Tomcat]
2025-04-29 21:22:05.678 | INFO  | thread=restartedMain | method=log | traceId= | userId= | serviceName= | appName= | o.a.catalina.core.StandardEngine - Starting Servlet engine: [Apache Tomcat/10.1.31]
2025-04-29 21:22:05.756 | INFO  | thread=restartedMain | method=log | traceId= | userId= | serviceName= | appName= | o.a.c.c.C.[Tomcat].[localhost].[/] - Initializing Spring embedded WebApplicationContext
2025-04-29 21:22:05.757 | INFO  | thread=restartedMain | method=prepareWebApplicationContext | traceId= | userId= | serviceName= | appName= | o.s.b.w.s.c.ServletWebServerApplicationContext - Root WebApplicationContext: initialization completed in 2463 ms
2025-04-29 21:22:05.805 | INFO  | thread=restartedMain | method=getConnection | traceId= | userId= | serviceName= | appName= | com.zaxxer.hikari.HikariDataSource - HikariPool-1 - Starting...
2025-04-29 21:22:06.118 | INFO  | thread=restartedMain | method=checkFailFast | traceId= | userId= | serviceName= | appName= | com.zaxxer.hikari.pool.HikariPool - HikariPool-1 - Added connection conn0: url=jdbc:h2:mem:flypayportal user=SA
2025-04-29 21:22:06.121 | INFO  | thread=restartedMain | method=getConnection | traceId= | userId= | serviceName= | appName= | com.zaxxer.hikari.HikariDataSource - HikariPool-1 - Start completed.
2025-04-29 21:22:06.141 | INFO  | thread=restartedMain | method=logDataSources | traceId= | userId= | serviceName= | appName= | o.s.b.a.h.H2ConsoleAutoConfiguration - H2 console available at '/h2-console'. Database available at 'jdbc:h2:mem:flypayportal'
2025-04-29 21:22:06.396 | INFO  | thread=restartedMain | method=logPersistenceUnitInformation | traceId= | userId= | serviceName= | appName= | o.h.jpa.internal.util.LogHelper - HHH000204: Processing PersistenceUnitInfo [name: default]
2025-04-29 21:22:06.497 | INFO  | thread=restartedMain | method=logVersion | traceId= | userId= | serviceName= | appName= | org.hibernate.Version - HHH000412: Hibernate ORM core version 6.5.3.Final
2025-04-29 21:22:06.562 | INFO  | thread=restartedMain | method=initiateService | traceId= | userId= | serviceName= | appName= | o.h.c.i.RegionFactoryInitiator - HHH000026: Second-level cache disabled
2025-04-29 21:22:06.995 | INFO  | thread=restartedMain | method=addTransformer | traceId= | userId= | serviceName= | appName= | o.s.o.j.p.SpringPersistenceUnitInfo - No LoadTimeWeaver setup: ignoring JPA class transformer
2025-04-29 21:22:08.481 | INFO  | thread=restartedMain | method=initiateService | traceId= | userId= | serviceName= | appName= | o.h.e.t.j.p.i.JtaPlatformInitiator - HHH000489: No JTA platform available (set 'hibernate.transaction.jta.platform' to enable JTA platform integration)
2025-04-29 21:22:08.593 | INFO  | thread=restartedMain | method=buildNativeEntityManagerFactory | traceId= | userId= | serviceName= | appName= | o.s.o.j.LocalContainerEntityManagerFactoryBean - Initialized JPA EntityManagerFactory for persistence unit 'default'
2025-04-29 21:22:08.876 | INFO  | thread=restartedMain | method=<clinit> | traceId= | userId= | serviceName= | appName= | o.s.d.j.r.query.QueryEnhancerFactory - Hibernate is in classpath; If applicable, HQL parser will be used.
2025-04-29 21:22:09.514 | INFO  | thread=restartedMain | method=configure | traceId= | userId= | serviceName= | appName= | o.s.s.c.a.a.c.InitializeUserDetailsBeanManagerConfigurer$InitializeUserDetailsManagerConfigurer - Global AuthenticationManager configured with UserDetailsService bean with name userDetailsImp
2025-04-29 21:22:10.441 | INFO  | thread=restartedMain | method=startServer | traceId= | userId= | serviceName= | appName= | o.s.b.d.a.OptionalLiveReloadServer - LiveReload server is running on port 35729
2025-04-29 21:22:10.488 | INFO  | thread=restartedMain | method=start | traceId= | userId= | serviceName= | appName= | o.s.b.w.e.tomcat.TomcatWebServer - Tomcat started on port 8080 (http) with context path '/'
2025-04-29 21:22:10.501 | INFO  | thread=restartedMain | method=logStarted | traceId= | userId= | serviceName= | appName= | c.f.f.FlypayportalApplication - Started FlypayportalApplication in 8.061 seconds (process running for 8.781)
2025-04-29 21:22:10.532 | INFO  | thread=SpringApplicationShutdownHook | method=destroy | traceId= | userId= | serviceName= | appName= | o.s.o.j.LocalContainerEntityManagerFactoryBean - Closing JPA EntityManagerFactory for persistence unit 'default'
2025-04-29 21:22:10.541 | INFO  | thread=SpringApplicationShutdownHook | method=close | traceId= | userId= | serviceName= | appName= | com.zaxxer.hikari.HikariDataSource - HikariPool-1 - Shutdown initiated...
2025-04-29 21:22:10.545 | INFO  | thread=SpringApplicationShutdownHook | method=close | traceId= | userId= | serviceName= | appName= | com.zaxxer.hikari.HikariDataSource - HikariPool-1 - Shutdown completed.
2025-04-29 21:22:46.296 | INFO  | thread=background-preinit | method=<clinit> | traceId= | userId= | serviceName= | appName= | o.h.validator.internal.util.Version - HV000001: Hibernate Validator 8.0.1.Final
2025-04-29 21:22:46.352 | INFO  | thread=restartedMain | method=logStarting | traceId= | userId= | serviceName= | appName= | c.f.f.FlypayportalApplication - Starting FlypayportalApplication using Java 24 with PID 90175 (/Users/vin.uppinkudru/flypayportal/target/classes started by vin.uppinkudru in /Users/vin.uppinkudru/flypayportal)
2025-04-29 21:22:46.354 | INFO  | thread=restartedMain | method=logStartupProfileInfo | traceId= | userId= | serviceName= | appName= | c.f.f.FlypayportalApplication - The following 1 profile is active: "dev"
2025-04-29 21:22:46.422 | INFO  | thread=restartedMain | method=logTo | traceId= | userId= | serviceName= | appName= | o.s.b.d.e.DevToolsPropertyDefaultsPostProcessor - Devtools property defaults active! Set 'spring.devtools.add-properties' to 'false' to disable
2025-04-29 21:22:46.422 | INFO  | thread=restartedMain | method=logTo | traceId= | userId= | serviceName= | appName= | o.s.b.d.e.DevToolsPropertyDefaultsPostProcessor - For additional web related logging consider setting the 'logging.level.web' property to 'DEBUG'
2025-04-29 21:22:47.546 | INFO  | thread=restartedMain | method=registerRepositoriesIn | traceId= | userId= | serviceName= | appName= | o.s.d.r.c.RepositoryConfigurationDelegate - Bootstrapping Spring Data JPA repositories in DEFAULT mode.
2025-04-29 21:22:47.649 | INFO  | thread=restartedMain | method=registerRepositoriesIn | traceId= | userId= | serviceName= | appName= | o.s.d.r.c.RepositoryConfigurationDelegate - Finished Spring Data repository scanning in 85 ms. Found 2 JPA repository interfaces.
2025-04-29 21:22:48.418 | INFO  | thread=restartedMain | method=initialize | traceId= | userId= | serviceName= | appName= | o.s.b.w.e.tomcat.TomcatWebServer - Tomcat initialized with port 8080 (http)
2025-04-29 21:22:48.502 | INFO  | thread=restartedMain | method=log | traceId= | userId= | serviceName= | appName= | o.a.coyote.http11.Http11NioProtocol - Initializing ProtocolHandler ["http-nio-8080"]
2025-04-29 21:22:48.507 | INFO  | thread=restartedMain | method=log | traceId= | userId= | serviceName= | appName= | o.a.catalina.core.StandardService - Starting service [Tomcat]
2025-04-29 21:22:48.519 | INFO  | thread=restartedMain | method=log | traceId= | userId= | serviceName= | appName= | o.a.catalina.core.StandardEngine - Starting Servlet engine: [Apache Tomcat/10.1.31]
2025-04-29 21:22:48.589 | INFO  | thread=restartedMain | method=log | traceId= | userId= | serviceName= | appName= | o.a.c.c.C.[Tomcat].[localhost].[/] - Initializing Spring embedded WebApplicationContext
2025-04-29 21:22:48.589 | INFO  | thread=restartedMain | method=prepareWebApplicationContext | traceId= | userId= | serviceName= | appName= | o.s.b.w.s.c.ServletWebServerApplicationContext - Root WebApplicationContext: initialization completed in 2166 ms
2025-04-29 21:22:48.631 | INFO  | thread=restartedMain | method=getConnection | traceId= | userId= | serviceName= | appName= | com.zaxxer.hikari.HikariDataSource - HikariPool-1 - Starting...
2025-04-29 21:22:48.835 | INFO  | thread=restartedMain | method=checkFailFast | traceId= | userId= | serviceName= | appName= | com.zaxxer.hikari.pool.HikariPool - HikariPool-1 - Added connection conn0: url=jdbc:h2:mem:flypayportal user=SA
2025-04-29 21:22:48.837 | INFO  | thread=restartedMain | method=getConnection | traceId= | userId= | serviceName= | appName= | com.zaxxer.hikari.HikariDataSource - HikariPool-1 - Start completed.
2025-04-29 21:22:48.854 | INFO  | thread=restartedMain | method=logDataSources | traceId= | userId= | serviceName= | appName= | o.s.b.a.h.H2ConsoleAutoConfiguration - H2 console available at '/h2-console'. Database available at 'jdbc:h2:mem:flypayportal'
2025-04-29 21:22:48.979 | INFO  | thread=restartedMain | method=logPersistenceUnitInformation | traceId= | userId= | serviceName= | appName= | o.h.jpa.internal.util.LogHelper - HHH000204: Processing PersistenceUnitInfo [name: default]
2025-04-29 21:22:49.033 | INFO  | thread=restartedMain | method=logVersion | traceId= | userId= | serviceName= | appName= | org.hibernate.Version - HHH000412: Hibernate ORM core version 6.5.3.Final
2025-04-29 21:22:49.083 | INFO  | thread=restartedMain | method=initiateService | traceId= | userId= | serviceName= | appName= | o.h.c.i.RegionFactoryInitiator - HHH000026: Second-level cache disabled
2025-04-29 21:22:49.383 | INFO  | thread=restartedMain | method=addTransformer | traceId= | userId= | serviceName= | appName= | o.s.o.j.p.SpringPersistenceUnitInfo - No LoadTimeWeaver setup: ignoring JPA class transformer
2025-04-29 21:22:50.347 | INFO  | thread=restartedMain | method=initiateService | traceId= | userId= | serviceName= | appName= | o.h.e.t.j.p.i.JtaPlatformInitiator - HHH000489: No JTA platform available (set 'hibernate.transaction.jta.platform' to enable JTA platform integration)
2025-04-29 21:22:50.430 | INFO  | thread=restartedMain | method=buildNativeEntityManagerFactory | traceId= | userId= | serviceName= | appName= | o.s.o.j.LocalContainerEntityManagerFactoryBean - Initialized JPA EntityManagerFactory for persistence unit 'default'
2025-04-29 21:22:50.730 | INFO  | thread=restartedMain | method=<clinit> | traceId= | userId= | serviceName= | appName= | o.s.d.j.r.query.QueryEnhancerFactory - Hibernate is in classpath; If applicable, HQL parser will be used.
2025-04-29 21:22:51.227 | INFO  | thread=restartedMain | method=configure | traceId= | userId= | serviceName= | appName= | o.s.s.c.a.a.c.InitializeUserDetailsBeanManagerConfigurer$InitializeUserDetailsManagerConfigurer - Global AuthenticationManager configured with UserDetailsService bean with name userDetailsImp
2025-04-29 21:22:52.048 | INFO  | thread=restartedMain | method=startServer | traceId= | userId= | serviceName= | appName= | o.s.b.d.a.OptionalLiveReloadServer - LiveReload server is running on port 35729
2025-04-29 21:22:52.069 | INFO  | thread=restartedMain | method=log | traceId= | userId= | serviceName= | appName= | o.a.coyote.http11.Http11NioProtocol - Starting ProtocolHandler ["http-nio-8080"]
2025-04-29 21:22:52.105 | INFO  | thread=restartedMain | method=start | traceId= | userId= | serviceName= | appName= | o.s.b.w.e.tomcat.TomcatWebServer - Tomcat started on port 8080 (http) with context path '/'
2025-04-29 21:22:52.117 | INFO  | thread=restartedMain | method=logStarted | traceId= | userId= | serviceName= | appName= | c.f.f.FlypayportalApplication - Started FlypayportalApplication in 6.479 seconds (process running for 7.104)
2025-04-29 21:23:13.116 | INFO  | thread=http-nio-8080-exec-1 | method=log | traceId= | userId= | serviceName= | appName= | o.a.c.c.C.[Tomcat].[localhost].[/] - Initializing Spring DispatcherServlet 'dispatcherServlet'
2025-04-29 21:23:13.117 | INFO  | thread=http-nio-8080-exec-1 | method=initServletBean | traceId= | userId= | serviceName= | appName= | o.s.web.servlet.DispatcherServlet - Initializing Servlet 'dispatcherServlet'
2025-04-29 21:23:13.119 | INFO  | thread=http-nio-8080-exec-1 | method=initServletBean | traceId= | userId= | serviceName= | appName= | o.s.web.servlet.DispatcherServlet - Completed initialization in 1 ms
2025-04-29 21:23:13.125 | INFO  | thread=http-nio-8080-exec-1 | method=doFilterInternal | traceId=0d752d9a-4035-4782-8afc-a4d7194836e3 | userId= | serviceName=FlyPayService | appName=FlyPayPortal | c.f.flypayportal.filter.MDCFilter - MDC initialized with serviceName = FlyPayService  and appName = FlyPayPortal
2025-04-29 21:23:22.812 | INFO  | thread=http-nio-8080-exec-2 | method=doFilterInternal | traceId=dc3bca61-75ff-4422-b3b7-7d93206cd7fa | userId= | serviceName=FlyPayService | appName=FlyPayPortal | c.f.flypayportal.filter.MDCFilter - MDC initialized with serviceName = FlyPayService  and appName = FlyPayPortal
2025-04-29 21:24:12.799 | INFO  | thread=http-nio-8080-exec-3 | method=doFilterInternal | traceId=5063ed1c-ee7d-4e7c-8ad6-934342676af2 | userId= | serviceName=FlyPayService | appName=FlyPayPortal | c.f.flypayportal.filter.MDCFilter - MDC initialized with serviceName = FlyPayService  and appName = FlyPayPortal
2025-04-29 21:24:17.768 | INFO  | thread=http-nio-8080-exec-4 | method=doFilterInternal | traceId=34e623fa-b1ca-4842-93fc-9a358c2d1c8a | userId= | serviceName=FlyPayService | appName=FlyPayPortal | c.f.flypayportal.filter.MDCFilter - MDC initialized with serviceName = FlyPayService  and appName = FlyPayPortal
2025-04-29 21:24:55.211 | INFO  | thread=http-nio-8080-exec-5 | method=doFilterInternal | traceId=638c38ce-c160-41cb-ab05-4f3d58bda0ee | userId= | serviceName=FlyPayService | appName=FlyPayPortal | c.f.flypayportal.filter.MDCFilter - MDC initialized with serviceName = FlyPayService  and appName = FlyPayPortal
2025-04-29 21:33:38.095 | INFO  | thread=File Watcher | method=onApplicationEvent | traceId= | userId= | serviceName= | appName= | o.s.b.d.a.LocalDevToolsAutoConfiguration$RestartingClassPathChangeChangedEventListener - Restarting due to 1 class path change (0 additions, 0 deletions, 1 modification)
2025-04-29 21:33:38.101 | INFO  | thread=Thread-5 | method=log | traceId= | userId= | serviceName= | appName= | o.a.coyote.http11.Http11NioProtocol - Stopping ProtocolHandler ["http-nio-8080"]
2025-04-29 21:33:43.143 | INFO  | thread=Thread-5 | method=destroy | traceId= | userId= | serviceName= | appName= | o.s.o.j.LocalContainerEntityManagerFactoryBean - Closing JPA EntityManagerFactory for persistence unit 'default'
2025-04-29 21:33:43.161 | INFO  | thread=Thread-5 | method=close | traceId= | userId= | serviceName= | appName= | com.zaxxer.hikari.HikariDataSource - HikariPool-1 - Shutdown initiated...
2025-04-29 21:33:43.166 | INFO  | thread=Thread-5 | method=close | traceId= | userId= | serviceName= | appName= | com.zaxxer.hikari.HikariDataSource - HikariPool-1 - Shutdown completed.
2025-04-29 21:33:45.405 | INFO  | thread=restartedMain | method=main | traceId= | userId= | serviceName= | appName= | c.f.f.FlypayportalApplication - Starting Flypay Portal Application
2025-04-29 21:33:45.463 | INFO  | thread=restartedMain | method=logStarting | traceId= | userId= | serviceName= | appName= | c.f.f.FlypayportalApplication - Starting FlypayportalApplication using Java 24 with PID 90175 (/Users/vin.uppinkudru/flypayportal/target/classes started by vin.uppinkudru in /Users/vin.uppinkudru/flypayportal)
2025-04-29 21:33:45.463 | INFO  | thread=restartedMain | method=logStartupProfileInfo | traceId= | userId= | serviceName= | appName= | c.f.f.FlypayportalApplication - The following 1 profile is active: "dev"
2025-04-29 21:33:46.013 | INFO  | thread=restartedMain | method=registerRepositoriesIn | traceId= | userId= | serviceName= | appName= | o.s.d.r.c.RepositoryConfigurationDelegate - Bootstrapping Spring Data JPA repositories in DEFAULT mode.
2025-04-29 21:33:46.037 | INFO  | thread=restartedMain | method=registerRepositoriesIn | traceId= | userId= | serviceName= | appName= | o.s.d.r.c.RepositoryConfigurationDelegate - Finished Spring Data repository scanning in 23 ms. Found 2 JPA repository interfaces.
2025-04-29 21:33:46.290 | INFO  | thread=restartedMain | method=initialize | traceId= | userId= | serviceName= | appName= | o.s.b.w.e.tomcat.TomcatWebServer - Tomcat initialized with port 8080 (http)
2025-04-29 21:33:46.291 | INFO  | thread=restartedMain | method=log | traceId= | userId= | serviceName= | appName= | o.a.coyote.http11.Http11NioProtocol - Initializing ProtocolHandler ["http-nio-8080"]
2025-04-29 21:33:46.292 | INFO  | thread=restartedMain | method=log | traceId= | userId= | serviceName= | appName= | o.a.catalina.core.StandardService - Starting service [Tomcat]
2025-04-29 21:33:46.292 | INFO  | thread=restartedMain | method=log | traceId= | userId= | serviceName= | appName= | o.a.catalina.core.StandardEngine - Starting Servlet engine: [Apache Tomcat/10.1.31]
2025-04-29 21:33:46.324 | INFO  | thread=restartedMain | method=log | traceId= | userId= | serviceName= | appName= | o.a.c.c.C.[Tomcat].[localhost].[/] - Initializing Spring embedded WebApplicationContext
2025-04-29 21:33:46.324 | INFO  | thread=restartedMain | method=prepareWebApplicationContext | traceId= | userId= | serviceName= | appName= | o.s.b.w.s.c.ServletWebServerApplicationContext - Root WebApplicationContext: initialization completed in 858 ms
2025-04-29 21:33:46.349 | INFO  | thread=restartedMain | method=getConnection | traceId= | userId= | serviceName= | appName= | com.zaxxer.hikari.HikariDataSource - HikariPool-2 - Starting...
2025-04-29 21:33:46.355 | INFO  | thread=restartedMain | method=checkFailFast | traceId= | userId= | serviceName= | appName= | com.zaxxer.hikari.pool.HikariPool - HikariPool-2 - Added connection conn10: url=jdbc:h2:mem:flypayportal user=SA
2025-04-29 21:33:46.357 | INFO  | thread=restartedMain | method=getConnection | traceId= | userId= | serviceName= | appName= | com.zaxxer.hikari.HikariDataSource - HikariPool-2 - Start completed.
2025-04-29 21:33:46.357 | INFO  | thread=restartedMain | method=logDataSources | traceId= | userId= | serviceName= | appName= | o.s.b.a.h.H2ConsoleAutoConfiguration - H2 console available at '/h2-console'. Database available at 'jdbc:h2:mem:flypayportal'
2025-04-29 21:33:46.418 | INFO  | thread=restartedMain | method=logPersistenceUnitInformation | traceId= | userId= | serviceName= | appName= | o.h.jpa.internal.util.LogHelper - HHH000204: Processing PersistenceUnitInfo [name: default]
2025-04-29 21:33:46.422 | INFO  | thread=restartedMain | method=initiateService | traceId= | userId= | serviceName= | appName= | o.h.c.i.RegionFactoryInitiator - HHH000026: Second-level cache disabled
2025-04-29 21:33:46.452 | INFO  | thread=restartedMain | method=addTransformer | traceId= | userId= | serviceName= | appName= | o.s.o.j.p.SpringPersistenceUnitInfo - No LoadTimeWeaver setup: ignoring JPA class transformer
2025-04-29 21:33:46.587 | INFO  | thread=restartedMain | method=initiateService | traceId= | userId= | serviceName= | appName= | o.h.e.t.j.p.i.JtaPlatformInitiator - HHH000489: No JTA platform available (set 'hibernate.transaction.jta.platform' to enable JTA platform integration)
2025-04-29 21:33:46.599 | INFO  | thread=restartedMain | method=buildNativeEntityManagerFactory | traceId= | userId= | serviceName= | appName= | o.s.o.j.LocalContainerEntityManagerFactoryBean - Initialized JPA EntityManagerFactory for persistence unit 'default'
2025-04-29 21:33:46.740 | INFO  | thread=restartedMain | method=configure | traceId= | userId= | serviceName= | appName= | o.s.s.c.a.a.c.InitializeUserDetailsBeanManagerConfigurer$InitializeUserDetailsManagerConfigurer - Global AuthenticationManager configured with UserDetailsService bean with name userDetailsImp
2025-04-29 21:33:47.001 | INFO  | thread=restartedMain | method=startServer | traceId= | userId= | serviceName= | appName= | o.s.b.d.a.OptionalLiveReloadServer - LiveReload server is running on port 35729
2025-04-29 21:33:47.007 | INFO  | thread=restartedMain | method=log | traceId= | userId= | serviceName= | appName= | o.a.coyote.http11.Http11NioProtocol - Starting ProtocolHandler ["http-nio-8080"]
2025-04-29 21:33:47.014 | INFO  | thread=restartedMain | method=start | traceId= | userId= | serviceName= | appName= | o.s.b.w.e.tomcat.TomcatWebServer - Tomcat started on port 8080 (http) with context path '/'
2025-04-29 21:33:47.018 | INFO  | thread=restartedMain | method=logStarted | traceId= | userId= | serviceName= | appName= | c.f.f.FlypayportalApplication - Started FlypayportalApplication in 1.608 seconds (process running for 662.025)
2025-04-29 21:33:47.022 | INFO  | thread=restartedMain | method=onApplicationEvent | traceId= | userId= | serviceName= | appName= | o.s.b.d.a.ConditionEvaluationDeltaLoggingListener - Condition evaluation unchanged
2025-04-29 21:35:34.117 | INFO  | thread=background-preinit | method=<clinit> | traceId= | userId= | serviceName= | appName= | o.h.validator.internal.util.Version - HV000001: Hibernate Validator 8.0.1.Final
2025-04-29 21:35:34.162 | INFO  | thread=restartedMain | method=logStarting | traceId= | userId= | serviceName= | appName= | c.f.f.FlypayportalApplication - Starting FlypayportalApplication using Java 24 with PID 91937 (/Users/vin.uppinkudru/flypayportal/target/classes started by vin.uppinkudru in /Users/vin.uppinkudru/flypayportal)
2025-04-29 21:35:34.163 | INFO  | thread=restartedMain | method=logStartupProfileInfo | traceId= | userId= | serviceName= | appName= | c.f.f.FlypayportalApplication - The following 1 profile is active: "dev"
2025-04-29 21:35:34.221 | INFO  | thread=restartedMain | method=logTo | traceId= | userId= | serviceName= | appName= | o.s.b.d.e.DevToolsPropertyDefaultsPostProcessor - Devtools property defaults active! Set 'spring.devtools.add-properties' to 'false' to disable
2025-04-29 21:35:34.222 | INFO  | thread=restartedMain | method=logTo | traceId= | userId= | serviceName= | appName= | o.s.b.d.e.DevToolsPropertyDefaultsPostProcessor - For additional web related logging consider setting the 'logging.level.web' property to 'DEBUG'
2025-04-29 21:35:35.369 | INFO  | thread=restartedMain | method=registerRepositoriesIn | traceId= | userId= | serviceName= | appName= | o.s.d.r.c.RepositoryConfigurationDelegate - Bootstrapping Spring Data JPA repositories in DEFAULT mode.
2025-04-29 21:35:35.454 | INFO  | thread=restartedMain | method=registerRepositoriesIn | traceId= | userId= | serviceName= | appName= | o.s.d.r.c.RepositoryConfigurationDelegate - Finished Spring Data repository scanning in 74 ms. Found 2 JPA repository interfaces.
2025-04-29 21:35:36.192 | INFO  | thread=restartedMain | method=initialize | traceId= | userId= | serviceName= | appName= | o.s.b.w.e.tomcat.TomcatWebServer - Tomcat initialized with port 8080 (http)
2025-04-29 21:35:36.210 | INFO  | thread=restartedMain | method=log | traceId= | userId= | serviceName= | appName= | o.a.coyote.http11.Http11NioProtocol - Initializing ProtocolHandler ["http-nio-8080"]
2025-04-29 21:35:36.214 | INFO  | thread=restartedMain | method=log | traceId= | userId= | serviceName= | appName= | o.a.catalina.core.StandardService - Starting service [Tomcat]
2025-04-29 21:35:36.215 | INFO  | thread=restartedMain | method=log | traceId= | userId= | serviceName= | appName= | o.a.catalina.core.StandardEngine - Starting Servlet engine: [Apache Tomcat/10.1.31]
2025-04-29 21:35:36.267 | INFO  | thread=restartedMain | method=log | traceId= | userId= | serviceName= | appName= | o.a.c.c.C.[Tomcat].[localhost].[/] - Initializing Spring embedded WebApplicationContext
2025-04-29 21:35:36.268 | INFO  | thread=restartedMain | method=prepareWebApplicationContext | traceId= | userId= | serviceName= | appName= | o.s.b.w.s.c.ServletWebServerApplicationContext - Root WebApplicationContext: initialization completed in 2046 ms
2025-04-29 21:35:36.313 | INFO  | thread=restartedMain | method=getConnection | traceId= | userId= | serviceName= | appName= | com.zaxxer.hikari.HikariDataSource - HikariPool-1 - Starting...
2025-04-29 21:35:36.527 | INFO  | thread=restartedMain | method=checkFailFast | traceId= | userId= | serviceName= | appName= | com.zaxxer.hikari.pool.HikariPool - HikariPool-1 - Added connection conn0: url=jdbc:h2:mem:flypayportal user=SA
2025-04-29 21:35:36.531 | INFO  | thread=restartedMain | method=getConnection | traceId= | userId= | serviceName= | appName= | com.zaxxer.hikari.HikariDataSource - HikariPool-1 - Start completed.
2025-04-29 21:35:36.549 | INFO  | thread=restartedMain | method=logDataSources | traceId= | userId= | serviceName= | appName= | o.s.b.a.h.H2ConsoleAutoConfiguration - H2 console available at '/h2-console'. Database available at 'jdbc:h2:mem:flypayportal'
2025-04-29 21:35:36.672 | INFO  | thread=restartedMain | method=logPersistenceUnitInformation | traceId= | userId= | serviceName= | appName= | o.h.jpa.internal.util.LogHelper - HHH000204: Processing PersistenceUnitInfo [name: default]
2025-04-29 21:35:36.736 | INFO  | thread=restartedMain | method=logVersion | traceId= | userId= | serviceName= | appName= | org.hibernate.Version - HHH000412: Hibernate ORM core version 6.5.3.Final
2025-04-29 21:35:36.782 | INFO  | thread=restartedMain | method=initiateService | traceId= | userId= | serviceName= | appName= | o.h.c.i.RegionFactoryInitiator - HHH000026: Second-level cache disabled
2025-04-29 21:35:37.096 | INFO  | thread=restartedMain | method=addTransformer | traceId= | userId= | serviceName= | appName= | o.s.o.j.p.SpringPersistenceUnitInfo - No LoadTimeWeaver setup: ignoring JPA class transformer
2025-04-29 21:35:38.122 | INFO  | thread=restartedMain | method=initiateService | traceId= | userId= | serviceName= | appName= | o.h.e.t.j.p.i.JtaPlatformInitiator - HHH000489: No JTA platform available (set 'hibernate.transaction.jta.platform' to enable JTA platform integration)
2025-04-29 21:35:38.204 | INFO  | thread=restartedMain | method=buildNativeEntityManagerFactory | traceId= | userId= | serviceName= | appName= | o.s.o.j.LocalContainerEntityManagerFactoryBean - Initialized JPA EntityManagerFactory for persistence unit 'default'
2025-04-29 21:35:38.534 | INFO  | thread=restartedMain | method=<clinit> | traceId= | userId= | serviceName= | appName= | o.s.d.j.r.query.QueryEnhancerFactory - Hibernate is in classpath; If applicable, HQL parser will be used.
2025-04-29 21:35:39.079 | INFO  | thread=restartedMain | method=configure | traceId= | userId= | serviceName= | appName= | o.s.s.c.a.a.c.InitializeUserDetailsBeanManagerConfigurer$InitializeUserDetailsManagerConfigurer - Global AuthenticationManager configured with UserDetailsService bean with name userDetailsImp
2025-04-29 21:35:39.897 | INFO  | thread=restartedMain | method=startServer | traceId= | userId= | serviceName= | appName= | o.s.b.d.a.OptionalLiveReloadServer - LiveReload server is running on port 35729
2025-04-29 21:35:39.918 | INFO  | thread=restartedMain | method=log | traceId= | userId= | serviceName= | appName= | o.a.coyote.http11.Http11NioProtocol - Starting ProtocolHandler ["http-nio-8080"]
2025-04-29 21:35:39.952 | INFO  | thread=restartedMain | method=start | traceId= | userId= | serviceName= | appName= | o.s.b.w.e.tomcat.TomcatWebServer - Tomcat started on port 8080 (http) with context path '/'
2025-04-29 21:35:39.970 | INFO  | thread=restartedMain | method=logStarted | traceId= | userId= | serviceName= | appName= | c.f.f.FlypayportalApplication - Started FlypayportalApplication in 6.456 seconds (process running for 7.118)
2025-04-29 21:36:07.923 | INFO  | thread=http-nio-8080-exec-1 | method=log | traceId= | userId= | serviceName= | appName= | o.a.c.c.C.[Tomcat].[localhost].[/] - Initializing Spring DispatcherServlet 'dispatcherServlet'
2025-04-29 21:36:07.924 | INFO  | thread=http-nio-8080-exec-1 | method=initServletBean | traceId= | userId= | serviceName= | appName= | o.s.web.servlet.DispatcherServlet - Initializing Servlet 'dispatcherServlet'
2025-04-29 21:36:07.925 | INFO  | thread=http-nio-8080-exec-1 | method=initServletBean | traceId= | userId= | serviceName= | appName= | o.s.web.servlet.DispatcherServlet - Completed initialization in 1 ms
2025-04-29 21:36:07.929 | INFO  | thread=http-nio-8080-exec-1 | method=doFilterInternal | traceId=eb545e3f-51ba-4bba-b885-b2d1a860c18b | userId= | serviceName=FlyPayService | appName=FlyPayPortal | c.f.flypayportal.filter.MDCFilter - MDC initialized with serviceName = FlyPayService  and appName = FlyPayPortal
2025-04-29 21:36:32.070 | INFO  | thread=http-nio-8080-exec-2 | method=doFilterInternal | traceId=409bbeef-5950-4b8e-8615-0f2f780097c0 | userId= | serviceName=FlyPayService | appName=FlyPayPortal | c.f.flypayportal.filter.MDCFilter - MDC initialized with serviceName = FlyPayService  and appName = FlyPayPortal
2025-04-29 21:36:41.949 | INFO  | thread=http-nio-8080-exec-3 | method=doFilterInternal | traceId=e40b7898-057e-46fa-aa90-6fef4bd46596 | userId= | serviceName=FlyPayService | appName=FlyPayPortal | c.f.flypayportal.filter.MDCFilter - MDC initialized with serviceName = FlyPayService  and appName = FlyPayPortal
2025-04-29 21:37:16.779 | INFO  | thread=http-nio-8080-exec-4 | method=doFilterInternal | traceId=2747ea72-4c59-42b6-a4b6-0b1ecd3119ce | userId= | serviceName=FlyPayService | appName=FlyPayPortal | c.f.flypayportal.filter.MDCFilter - MDC initialized with serviceName = FlyPayService  and appName = FlyPayPortal
